{"/Users/buckyallen/Documents-Local/local-repos/vscode-tree-sitter-dev/server/__tests__/NODE_TYPES.ts": {"path":"/Users/buckyallen/Documents-Local/local-repos/vscode-tree-sitter-dev/server/__tests__/NODE_TYPES.ts","statementMap":{"0":{"start":{"line":3,"column":13},"end":{"line":496,"column":2}},"1":{"start":{"line":499,"column":13},"end":{"line":6052,"column":2}}},"fnMap":{},"branchMap":{},"s":{"0":2,"1":2},"f":{},"b":{}}
,"/Users/buckyallen/Documents-Local/local-repos/vscode-tree-sitter-dev/server/src/Dict.ts": {"path":"/Users/buckyallen/Documents-Local/local-repos/vscode-tree-sitter-dev/server/src/Dict.ts","statementMap":{"0":{"start":{"line":9,"column":8},"end":{"line":9,"column":67}},"1":{"start":{"line":13,"column":8},"end":{"line":13,"column":54}},"2":{"start":{"line":20,"column":8},"end":{"line":20,"column":79}},"3":{"start":{"line":24,"column":8},"end":{"line":26,"column":9}},"4":{"start":{"line":25,"column":12},"end":{"line":25,"column":28}},"5":{"start":{"line":30,"column":8},"end":{"line":32,"column":9}},"6":{"start":{"line":31,"column":12},"end":{"line":31,"column":28}},"7":{"start":{"line":36,"column":8},"end":{"line":40,"column":9}},"8":{"start":{"line":37,"column":12},"end":{"line":39,"column":13}},"9":{"start":{"line":38,"column":16},"end":{"line":38,"column":29}},"10":{"start":{"line":41,"column":8},"end":{"line":41,"column":20}},"11":{"start":{"line":45,"column":8},"end":{"line":49,"column":9}},"12":{"start":{"line":46,"column":12},"end":{"line":48,"column":13}},"13":{"start":{"line":47,"column":16},"end":{"line":47,"column":28}},"14":{"start":{"line":50,"column":8},"end":{"line":50,"column":21}},"15":{"start":{"line":54,"column":8},"end":{"line":54,"column":32}},"16":{"start":{"line":58,"column":8},"end":{"line":58,"column":41}},"17":{"start":{"line":62,"column":37},"end":{"line":62,"column":106}},"18":{"start":{"line":62,"column":84},"end":{"line":62,"column":105}},"19":{"start":{"line":63,"column":8},"end":{"line":63,"column":33}},"20":{"start":{"line":67,"column":8},"end":{"line":67,"column":48}},"21":{"start":{"line":7,"column":0},"end":{"line":7,"column":13}}},"fnMap":{"0":{"name":"(anonymous_0)","decl":{"start":{"line":8,"column":4},"end":{"line":8,"column":7}},"loc":{"start":{"line":8,"column":96},"end":{"line":10,"column":5}}},"1":{"name":"(anonymous_1)","decl":{"start":{"line":12,"column":4},"end":{"line":12,"column":11}},"loc":{"start":{"line":12,"column":90},"end":{"line":14,"column":5}}},"2":{"name":"(anonymous_2)","decl":{"start":{"line":16,"column":4},"end":{"line":16,"column":17}},"loc":{"start":{"line":18,"column":21},"end":{"line":21,"column":5}}},"3":{"name":"(anonymous_3)","decl":{"start":{"line":23,"column":4},"end":{"line":23,"column":16}},"loc":{"start":{"line":23,"column":45},"end":{"line":27,"column":5}}},"4":{"name":"(anonymous_4)","decl":{"start":{"line":29,"column":4},"end":{"line":29,"column":14}},"loc":{"start":{"line":29,"column":43},"end":{"line":33,"column":5}}},"5":{"name":"(anonymous_5)","decl":{"start":{"line":35,"column":4},"end":{"line":35,"column":9}},"loc":{"start":{"line":35,"column":42},"end":{"line":42,"column":5}}},"6":{"name":"(anonymous_6)","decl":{"start":{"line":44,"column":4},"end":{"line":44,"column":8}},"loc":{"start":{"line":44,"column":41},"end":{"line":51,"column":5}}},"7":{"name":"(anonymous_7)","decl":{"start":{"line":53,"column":4},"end":{"line":53,"column":13}},"loc":{"start":{"line":53,"column":13},"end":{"line":55,"column":5}}},"8":{"name":"(anonymous_8)","decl":{"start":{"line":57,"column":4},"end":{"line":57,"column":15}},"loc":{"start":{"line":57,"column":15},"end":{"line":59,"column":5}}},"9":{"name":"(anonymous_9)","decl":{"start":{"line":61,"column":4},"end":{"line":61,"column":10}},"loc":{"start":{"line":61,"column":43},"end":{"line":64,"column":5}}},"10":{"name":"(anonymous_10)","decl":{"start":{"line":62,"column":76},"end":{"line":62,"column":80}},"loc":{"start":{"line":62,"column":84},"end":{"line":62,"column":105}}},"11":{"name":"(anonymous_11)","decl":{"start":{"line":66,"column":4},"end":{"line":66,"column":10}},"loc":{"start":{"line":66,"column":36},"end":{"line":68,"column":5}}}},"branchMap":{"0":{"loc":{"start":{"line":37,"column":12},"end":{"line":39,"column":13}},"type":"if","locations":[{"start":{"line":37,"column":12},"end":{"line":39,"column":13}},{"start":{},"end":{}}]},"1":{"loc":{"start":{"line":46,"column":12},"end":{"line":48,"column":13}},"type":"if","locations":[{"start":{"line":46,"column":12},"end":{"line":48,"column":13}},{"start":{},"end":{}}]}},"s":{"0":1,"1":0,"2":0,"3":81,"4":172,"5":0,"6":0,"7":0,"8":0,"9":0,"10":0,"11":0,"12":0,"13":0,"14":0,"15":181,"16":2,"17":0,"18":0,"19":0,"20":0,"21":4},"f":{"0":1,"1":0,"2":0,"3":81,"4":0,"5":0,"6":0,"7":181,"8":2,"9":0,"10":0,"11":0},"b":{"0":[0,0],"1":[0,0]}}
,"/Users/buckyallen/Documents-Local/local-repos/vscode-tree-sitter-dev/server/src/TypeEnvironment.ts": {"path":"/Users/buckyallen/Documents-Local/local-repos/vscode-tree-sitter-dev/server/src/TypeEnvironment.ts","statementMap":{"0":{"start":{"line":2,"column":0},"end":{"line":2,"column":75}},"1":{"start":{"line":3,"column":0},"end":{"line":3,"column":60}},"2":{"start":{"line":4,"column":0},"end":{"line":4,"column":78}},"3":{"start":{"line":5,"column":0},"end":{"line":5,"column":30}},"4":{"start":{"line":6,"column":0},"end":{"line":6,"column":45}},"5":{"start":{"line":7,"column":0},"end":{"line":7,"column":51}},"6":{"start":{"line":17,"column":15},"end":{"line":17,"column":52}},"7":{"start":{"line":18,"column":15},"end":{"line":18,"column":39}},"8":{"start":{"line":19,"column":15},"end":{"line":19,"column":41}},"9":{"start":{"line":20,"column":15},"end":{"line":20,"column":43}},"10":{"start":{"line":21,"column":15},"end":{"line":21,"column":63}},"11":{"start":{"line":25,"column":8},"end":{"line":25,"column":92}},"12":{"start":{"line":28,"column":26},"end":{"line":28,"column":58}},"13":{"start":{"line":29,"column":8},"end":{"line":29,"column":69}},"14":{"start":{"line":32,"column":29},"end":{"line":32,"column":75}},"15":{"start":{"line":33,"column":22},"end":{"line":33,"column":79}},"16":{"start":{"line":34,"column":25},"end":{"line":34,"column":83}},"17":{"start":{"line":34,"column":69},"end":{"line":34,"column":81}},"18":{"start":{"line":35,"column":26},"end":{"line":35,"column":77}},"19":{"start":{"line":35,"column":65},"end":{"line":35,"column":75}},"20":{"start":{"line":36,"column":27},"end":{"line":36,"column":90}},"21":{"start":{"line":36,"column":68},"end":{"line":36,"column":88}},"22":{"start":{"line":38,"column":8},"end":{"line":38,"column":89}},"23":{"start":{"line":42,"column":8},"end":{"line":42,"column":83}},"24":{"start":{"line":46,"column":8},"end":{"line":46,"column":33}},"25":{"start":{"line":50,"column":8},"end":{"line":50,"column":38}},"26":{"start":{"line":54,"column":8},"end":{"line":54,"column":41}},"27":{"start":{"line":58,"column":8},"end":{"line":58,"column":42}},"28":{"start":{"line":62,"column":8},"end":{"line":62,"column":40}},"29":{"start":{"line":66,"column":8},"end":{"line":69,"column":34}},"30":{"start":{"line":68,"column":23},"end":{"line":68,"column":42}},"31":{"start":{"line":73,"column":21},"end":{"line":73,"column":48}},"32":{"start":{"line":74,"column":8},"end":{"line":76,"column":9}},"33":{"start":{"line":75,"column":12},"end":{"line":75,"column":19}},"34":{"start":{"line":77,"column":24},"end":{"line":77,"column":70}},"35":{"start":{"line":77,"column":52},"end":{"line":77,"column":68}},"36":{"start":{"line":78,"column":23},"end":{"line":78,"column":68}},"37":{"start":{"line":78,"column":51},"end":{"line":78,"column":66}},"38":{"start":{"line":79,"column":8},"end":{"line":81,"column":9}},"39":{"start":{"line":80,"column":12},"end":{"line":80,"column":74}},"40":{"start":{"line":88,"column":8},"end":{"line":88,"column":57}},"41":{"start":{"line":15,"column":0},"end":{"line":15,"column":13}}},"fnMap":{"0":{"name":"(anonymous_0)","decl":{"start":{"line":16,"column":4},"end":{"line":16,"column":null}},"loc":{"start":{"line":21,"column":63},"end":{"line":22,"column":8}}},"1":{"name":"(anonymous_1)","decl":{"start":{"line":24,"column":4},"end":{"line":24,"column":10}},"loc":{"start":{"line":24,"column":16},"end":{"line":26,"column":5}}},"2":{"name":"(anonymous_2)","decl":{"start":{"line":27,"column":4},"end":{"line":27,"column":10}},"loc":{"start":{"line":27,"column":42},"end":{"line":30,"column":5}}},"3":{"name":"(anonymous_3)","decl":{"start":{"line":31,"column":4},"end":{"line":31,"column":10}},"loc":{"start":{"line":31,"column":70},"end":{"line":39,"column":5}}},"4":{"name":"(anonymous_4)","decl":{"start":{"line":34,"column":58},"end":{"line":34,"column":65}},"loc":{"start":{"line":34,"column":69},"end":{"line":34,"column":81}}},"5":{"name":"(anonymous_5)","decl":{"start":{"line":35,"column":56},"end":{"line":35,"column":61}},"loc":{"start":{"line":35,"column":65},"end":{"line":35,"column":75}}},"6":{"name":"(anonymous_6)","decl":{"start":{"line":36,"column":63},"end":{"line":36,"column":64}},"loc":{"start":{"line":36,"column":68},"end":{"line":36,"column":88}}},"7":{"name":"(anonymous_7)","decl":{"start":{"line":41,"column":4},"end":{"line":41,"column":8}},"loc":{"start":{"line":41,"column":19},"end":{"line":43,"column":5}}},"8":{"name":"(anonymous_8)","decl":{"start":{"line":45,"column":4},"end":{"line":45,"column":8}},"loc":{"start":{"line":45,"column":15},"end":{"line":47,"column":5}}},"9":{"name":"(anonymous_9)","decl":{"start":{"line":49,"column":4},"end":{"line":49,"column":8}},"loc":{"start":{"line":49,"column":17},"end":{"line":51,"column":5}}},"10":{"name":"(anonymous_10)","decl":{"start":{"line":53,"column":4},"end":{"line":53,"column":12}},"loc":{"start":{"line":53,"column":28},"end":{"line":55,"column":5}}},"11":{"name":"(anonymous_11)","decl":{"start":{"line":57,"column":4},"end":{"line":57,"column":14}},"loc":{"start":{"line":57,"column":37},"end":{"line":59,"column":5}}},"12":{"name":"(anonymous_12)","decl":{"start":{"line":61,"column":4},"end":{"line":61,"column":12}},"loc":{"start":{"line":61,"column":27},"end":{"line":63,"column":5}}},"13":{"name":"(anonymous_13)","decl":{"start":{"line":65,"column":4},"end":{"line":65,"column":20}},"loc":{"start":{"line":65,"column":36},"end":{"line":70,"column":5}}},"14":{"name":"(anonymous_14)","decl":{"start":{"line":68,"column":17},"end":{"line":68,"column":19}},"loc":{"start":{"line":68,"column":23},"end":{"line":68,"column":42}}},"15":{"name":"(anonymous_15)","decl":{"start":{"line":72,"column":4},"end":{"line":72,"column":21}},"loc":{"start":{"line":72,"column":37},"end":{"line":82,"column":5}}},"16":{"name":"(anonymous_16)","decl":{"start":{"line":77,"column":47},"end":{"line":77,"column":48}},"loc":{"start":{"line":77,"column":52},"end":{"line":77,"column":68}}},"17":{"name":"(anonymous_17)","decl":{"start":{"line":78,"column":46},"end":{"line":78,"column":47}},"loc":{"start":{"line":78,"column":51},"end":{"line":78,"column":66}}},"18":{"name":"(anonymous_18)","decl":{"start":{"line":87,"column":4},"end":{"line":87,"column":12}},"loc":{"start":{"line":87,"column":28},"end":{"line":89,"column":5}}}},"branchMap":{"0":{"loc":{"start":{"line":42,"column":15},"end":{"line":42,"column":82}},"type":"binary-expr","locations":[{"start":{"line":42,"column":15},"end":{"line":42,"column":32}},{"start":{"line":42,"column":36},"end":{"line":42,"column":58}},{"start":{"line":42,"column":62},"end":{"line":42,"column":82}}]},"1":{"loc":{"start":{"line":74,"column":8},"end":{"line":76,"column":9}},"type":"if","locations":[{"start":{"line":74,"column":8},"end":{"line":76,"column":9}},{"start":{},"end":{}}]},"2":{"loc":{"start":{"line":79,"column":8},"end":{"line":81,"column":9}},"type":"if","locations":[{"start":{"line":79,"column":8},"end":{"line":81,"column":9}},{"start":{},"end":{}}]},"3":{"loc":{"start":{"line":79,"column":12},"end":{"line":79,"column":47}},"type":"binary-expr","locations":[{"start":{"line":79,"column":12},"end":{"line":79,"column":28}},{"start":{"line":79,"column":32},"end":{"line":79,"column":47}}]},"4":{"loc":{"start":{"line":88,"column":15},"end":{"line":88,"column":56}},"type":"cond-expr","locations":[{"start":{"line":88,"column":24},"end":{"line":88,"column":44}},{"start":{"line":88,"column":47},"end":{"line":88,"column":56}}]}},"s":{"0":2,"1":2,"2":2,"3":2,"4":2,"5":2,"6":14,"7":14,"8":14,"9":14,"10":14,"11":12,"12":2,"13":2,"14":2,"15":2,"16":2,"17":127,"18":2,"19":181,"20":2,"21":181,"22":2,"23":0,"24":0,"25":0,"26":0,"27":20,"28":4,"29":0,"30":0,"31":0,"32":0,"33":0,"34":0,"35":0,"36":0,"37":0,"38":0,"39":0,"40":5,"41":2},"f":{"0":14,"1":12,"2":2,"3":2,"4":127,"5":181,"6":181,"7":0,"8":0,"9":0,"10":0,"11":20,"12":4,"13":0,"14":0,"15":0,"16":0,"17":0,"18":5},"b":{"0":[0,0,0],"1":[0,0],"2":[0,0],"3":[0,0],"4":[5,0]}}
,"/Users/buckyallen/Documents-Local/local-repos/vscode-tree-sitter-dev/server/src/completions.ts": {"path":"/Users/buckyallen/Documents-Local/local-repos/vscode-tree-sitter-dev/server/src/completions.ts","statementMap":{"0":{"start":{"line":73,"column":0},"end":{"line":73,"column":16}},"1":{"start":{"line":77,"column":0},"end":{"line":77,"column":16}},"2":{"start":{"line":81,"column":0},"end":{"line":81,"column":16}},"3":{"start":{"line":88,"column":0},"end":{"line":88,"column":16}},"4":{"start":{"line":117,"column":0},"end":{"line":117,"column":16}},"5":{"start":{"line":121,"column":0},"end":{"line":121,"column":16}},"6":{"start":{"line":468,"column":0},"end":{"line":468,"column":16}},"7":{"start":{"line":472,"column":0},"end":{"line":472,"column":15}},"8":{"start":{"line":480,"column":0},"end":{"line":480,"column":15}},"9":{"start":{"line":489,"column":0},"end":{"line":489,"column":16}},"10":{"start":{"line":498,"column":0},"end":{"line":498,"column":16}},"11":{"start":{"line":507,"column":0},"end":{"line":507,"column":16}},"12":{"start":{"line":1,"column":0},"end":{"line":1,"column":45}},"13":{"start":{"line":4,"column":0},"end":{"line":4,"column":70}},"14":{"start":{"line":9,"column":13},"end":{"line":15,"column":2}},"15":{"start":{"line":17,"column":13},"end":{"line":21,"column":2}},"16":{"start":{"line":23,"column":13},"end":{"line":27,"column":2}},"17":{"start":{"line":29,"column":26},"end":{"line":50,"column":2}},"18":{"start":{"line":52,"column":13},"end":{"line":54,"column":3}},"19":{"start":{"line":53,"column":4},"end":{"line":53,"column":124}},"20":{"start":{"line":56,"column":26},"end":{"line":56,"column":67}},"21":{"start":{"line":58,"column":13},"end":{"line":60,"column":3}},"22":{"start":{"line":59,"column":4},"end":{"line":59,"column":124}},"23":{"start":{"line":62,"column":13},"end":{"line":68,"column":2}},"24":{"start":{"line":70,"column":23},"end":{"line":70,"column":47}},"25":{"start":{"line":71,"column":23},"end":{"line":71,"column":30}},"26":{"start":{"line":74,"column":4},"end":{"line":74,"column":34}},"27":{"start":{"line":78,"column":4},"end":{"line":78,"column":30}},"28":{"start":{"line":82,"column":30},"end":{"line":82,"column":52}},"29":{"start":{"line":83,"column":18},"end":{"line":83,"column":45}},"30":{"start":{"line":84,"column":39},"end":{"line":84,"column":52}},"31":{"start":{"line":85,"column":4},"end":{"line":85,"column":19}},"32":{"start":{"line":89,"column":4},"end":{"line":101,"column":5}},"33":{"start":{"line":91,"column":12},"end":{"line":91,"column":23}},"34":{"start":{"line":93,"column":12},"end":{"line":93,"column":23}},"35":{"start":{"line":95,"column":12},"end":{"line":95,"column":22}},"36":{"start":{"line":97,"column":12},"end":{"line":97,"column":23}},"37":{"start":{"line":99,"column":12},"end":{"line":99,"column":56}},"38":{"start":{"line":100,"column":12},"end":{"line":100,"column":27}},"39":{"start":{"line":104,"column":0},"end":{"line":104,"column":null}},"40":{"start":{"line":105,"column":4},"end":{"line":105,"column":null}},"41":{"start":{"line":106,"column":4},"end":{"line":106,"column":null}},"42":{"start":{"line":107,"column":4},"end":{"line":107,"column":null}},"43":{"start":{"line":108,"column":4},"end":{"line":108,"column":null}},"44":{"start":{"line":109,"column":4},"end":{"line":109,"column":null}},"45":{"start":{"line":110,"column":4},"end":{"line":110,"column":null}},"46":{"start":{"line":111,"column":4},"end":{"line":111,"column":null}},"47":{"start":{"line":112,"column":4},"end":{"line":112,"column":null}},"48":{"start":{"line":115,"column":17},"end":{"line":115,"column":64}},"49":{"start":{"line":118,"column":4},"end":{"line":118,"column":56}},"50":{"start":{"line":122,"column":4},"end":{"line":122,"column":51}},"51":{"start":{"line":125,"column":28},"end":{"line":136,"column":11}},"52":{"start":{"line":139,"column":0},"end":{"line":139,"column":null}},"53":{"start":{"line":141,"column":8},"end":{"line":141,"column":75}},"54":{"start":{"line":140,"column":20},"end":{"line":142,"column":null}},"55":{"start":{"line":146,"column":4},"end":{"line":150,"column":5}},"56":{"start":{"line":147,"column":8},"end":{"line":149,"column":9}},"57":{"start":{"line":148,"column":12},"end":{"line":148,"column":40}},"58":{"start":{"line":153,"column":29},"end":{"line":153,"column":111}},"59":{"start":{"line":156,"column":0},"end":{"line":156,"column":null}},"60":{"start":{"line":158,"column":8},"end":{"line":158,"column":77}},"61":{"start":{"line":157,"column":20},"end":{"line":159,"column":null}},"62":{"start":{"line":163,"column":4},"end":{"line":167,"column":5}},"63":{"start":{"line":164,"column":8},"end":{"line":166,"column":9}},"64":{"start":{"line":165,"column":12},"end":{"line":165,"column":24}},"65":{"start":{"line":189,"column":0},"end":{"line":189,"column":null}},"66":{"start":{"line":190,"column":17},"end":{"line":190,"column":79}},"67":{"start":{"line":191,"column":17},"end":{"line":191,"column":69}},"68":{"start":{"line":192,"column":17},"end":{"line":192,"column":83}},"69":{"start":{"line":193,"column":17},"end":{"line":196,"column":15}},"70":{"start":{"line":199,"column":51},"end":{"line":199,"column":78}},"71":{"start":{"line":200,"column":8},"end":{"line":213,"column":9}},"72":{"start":{"line":201,"column":12},"end":{"line":201,"column":66}},"73":{"start":{"line":203,"column":43},"end":{"line":203,"column":93}},"74":{"start":{"line":204,"column":12},"end":{"line":206,"column":13}},"75":{"start":{"line":205,"column":16},"end":{"line":205,"column":46}},"76":{"start":{"line":212,"column":12},"end":{"line":212,"column":47}},"77":{"start":{"line":214,"column":8},"end":{"line":214,"column":33}},"78":{"start":{"line":198,"column":20},"end":{"line":215,"column":null}},"79":{"start":{"line":220,"column":8},"end":{"line":224,"column":9}},"80":{"start":{"line":221,"column":12},"end":{"line":223,"column":13}},"81":{"start":{"line":222,"column":16},"end":{"line":222,"column":46}},"82":{"start":{"line":229,"column":24},"end":{"line":229,"column":43}},"83":{"start":{"line":232,"column":23},"end":{"line":232,"column":41}},"84":{"start":{"line":233,"column":8},"end":{"line":236,"column":9}},"85":{"start":{"line":234,"column":12},"end":{"line":234,"column":52}},"86":{"start":{"line":235,"column":12},"end":{"line":235,"column":47}},"87":{"start":{"line":238,"column":8},"end":{"line":240,"column":9}},"88":{"start":{"line":239,"column":12},"end":{"line":239,"column":53}},"89":{"start":{"line":242,"column":22},"end":{"line":242,"column":68}},"90":{"start":{"line":243,"column":8},"end":{"line":243,"column":31}},"91":{"start":{"line":244,"column":8},"end":{"line":464,"column":9}},"92":{"start":{"line":248,"column":16},"end":{"line":248,"column":47}},"93":{"start":{"line":250,"column":16},"end":{"line":250,"column":58}},"94":{"start":{"line":252,"column":16},"end":{"line":252,"column":70}},"95":{"start":{"line":254,"column":16},"end":{"line":258,"column":18}},"96":{"start":{"line":260,"column":16},"end":{"line":271,"column":17}},"97":{"start":{"line":261,"column":20},"end":{"line":264,"column":22}},"98":{"start":{"line":266,"column":20},"end":{"line":270,"column":22}},"99":{"start":{"line":274,"column":16},"end":{"line":278,"column":18}},"100":{"start":{"line":280,"column":16},"end":{"line":284,"column":18}},"101":{"start":{"line":286,"column":16},"end":{"line":304,"column":17}},"102":{"start":{"line":287,"column":58},"end":{"line":290,"column":38}},"103":{"start":{"line":289,"column":40},"end":{"line":289,"column":53}},"104":{"start":{"line":291,"column":59},"end":{"line":294,"column":54}},"105":{"start":{"line":295,"column":20},"end":{"line":303,"column":21}},"106":{"start":{"line":297,"column":24},"end":{"line":302,"column":26}},"107":{"start":{"line":306,"column":65},"end":{"line":309,"column":28}},"108":{"start":{"line":308,"column":36},"end":{"line":308,"column":49}},"109":{"start":{"line":310,"column":16},"end":{"line":312,"column":17}},"110":{"start":{"line":311,"column":20},"end":{"line":311,"column":55}},"111":{"start":{"line":314,"column":55},"end":{"line":314,"column":95}},"112":{"start":{"line":316,"column":16},"end":{"line":321,"column":18}},"113":{"start":{"line":325,"column":65},"end":{"line":328,"column":28}},"114":{"start":{"line":327,"column":36},"end":{"line":327,"column":49}},"115":{"start":{"line":329,"column":16},"end":{"line":331,"column":17}},"116":{"start":{"line":330,"column":20},"end":{"line":330,"column":50}},"117":{"start":{"line":332,"column":55},"end":{"line":334,"column":23}},"118":{"start":{"line":336,"column":16},"end":{"line":348,"column":17}},"119":{"start":{"line":337,"column":20},"end":{"line":340,"column":22}},"120":{"start":{"line":342,"column":20},"end":{"line":347,"column":22}},"121":{"start":{"line":352,"column":58},"end":{"line":355,"column":38}},"122":{"start":{"line":354,"column":40},"end":{"line":354,"column":53}},"123":{"start":{"line":356,"column":59},"end":{"line":359,"column":54}},"124":{"start":{"line":360,"column":20},"end":{"line":368,"column":21}},"125":{"start":{"line":362,"column":24},"end":{"line":367,"column":26}},"126":{"start":{"line":370,"column":16},"end":{"line":370,"column":51}},"127":{"start":{"line":373,"column":54},"end":{"line":376,"column":34}},"128":{"start":{"line":375,"column":36},"end":{"line":375,"column":49}},"129":{"start":{"line":377,"column":55},"end":{"line":379,"column":23}},"130":{"start":{"line":384,"column":59},"end":{"line":386,"column":27}},"131":{"start":{"line":387,"column":20},"end":{"line":392,"column":21}},"132":{"start":{"line":388,"column":24},"end":{"line":391,"column":26}},"133":{"start":{"line":394,"column":16},"end":{"line":396,"column":18}},"134":{"start":{"line":398,"column":55},"end":{"line":400,"column":23}},"135":{"start":{"line":401,"column":16},"end":{"line":406,"column":17}},"136":{"start":{"line":402,"column":20},"end":{"line":405,"column":22}},"137":{"start":{"line":407,"column":16},"end":{"line":407,"column":48}},"138":{"start":{"line":415,"column":38},"end":{"line":415,"column":60}},"139":{"start":{"line":416,"column":20},"end":{"line":418,"column":21}},"140":{"start":{"line":417,"column":24},"end":{"line":417,"column":56}},"141":{"start":{"line":419,"column":33},"end":{"line":419,"column":83}},"142":{"start":{"line":420,"column":37},"end":{"line":420,"column":76}},"143":{"start":{"line":421,"column":20},"end":{"line":426,"column":21}},"144":{"start":{"line":422,"column":24},"end":{"line":425,"column":26}},"145":{"start":{"line":428,"column":20},"end":{"line":432,"column":22}},"146":{"start":{"line":457,"column":16},"end":{"line":457,"column":100}},"147":{"start":{"line":460,"column":16},"end":{"line":460,"column":46}},"148":{"start":{"line":462,"column":16},"end":{"line":462,"column":75}},"149":{"start":{"line":463,"column":16},"end":{"line":463,"column":51}},"150":{"start":{"line":217,"column":20},"end":{"line":465,"column":null}},"151":{"start":{"line":469,"column":4},"end":{"line":469,"column":52}},"152":{"start":{"line":473,"column":33},"end":{"line":473,"column":37}},"153":{"start":{"line":474,"column":4},"end":{"line":477,"column":5}},"154":{"start":{"line":475,"column":8},"end":{"line":475,"column":22}},"155":{"start":{"line":476,"column":8},"end":{"line":476,"column":33}},"156":{"start":{"line":478,"column":4},"end":{"line":478,"column":21}},"157":{"start":{"line":481,"column":33},"end":{"line":481,"column":44}},"158":{"start":{"line":482,"column":4},"end":{"line":485,"column":5}},"159":{"start":{"line":483,"column":8},"end":{"line":483,"column":22}},"160":{"start":{"line":484,"column":8},"end":{"line":484,"column":33}},"161":{"start":{"line":486,"column":4},"end":{"line":486,"column":21}},"162":{"start":{"line":490,"column":4},"end":{"line":494,"column":5}},"163":{"start":{"line":491,"column":8},"end":{"line":493,"column":9}},"164":{"start":{"line":492,"column":12},"end":{"line":492,"column":26}},"165":{"start":{"line":495,"column":4},"end":{"line":495,"column":21}},"166":{"start":{"line":499,"column":4},"end":{"line":503,"column":5}},"167":{"start":{"line":500,"column":8},"end":{"line":502,"column":9}},"168":{"start":{"line":501,"column":12},"end":{"line":501,"column":26}},"169":{"start":{"line":504,"column":4},"end":{"line":504,"column":21}},"170":{"start":{"line":508,"column":4},"end":{"line":508,"column":50}}},"fnMap":{"0":{"name":"(anonymous_0)","decl":{"start":{"line":52,"column":70},"end":{"line":52,"column":77}},"loc":{"start":{"line":52,"column":80},"end":{"line":54,"column":1}}},"1":{"name":"(anonymous_1)","decl":{"start":{"line":58,"column":70},"end":{"line":58,"column":77}},"loc":{"start":{"line":58,"column":80},"end":{"line":60,"column":1}}},"2":{"name":"code","decl":{"start":{"line":73,"column":16},"end":{"line":73,"column":20}},"loc":{"start":{"line":73,"column":33},"end":{"line":75,"column":1}}},"3":{"name":"markupCode","decl":{"start":{"line":77,"column":16},"end":{"line":77,"column":26}},"loc":{"start":{"line":77,"column":39},"end":{"line":79,"column":1}}},"4":{"name":"nodeDocumentation","decl":{"start":{"line":81,"column":16},"end":{"line":81,"column":33}},"loc":{"start":{"line":81,"column":54},"end":{"line":86,"column":1}}},"5":{"name":"signatureQuantifier","decl":{"start":{"line":88,"column":16},"end":{"line":88,"column":35}},"loc":{"start":{"line":88,"column":72},"end":{"line":102,"column":1}}},"6":{"name":"(anonymous_6)","decl":{"start":{"line":104,"column":0},"end":{"line":104,"column":12}},"loc":{"start":{"line":104,"column":35},"end":{"line":113,"column":1}}},"7":{"name":"isStringy","decl":{"start":{"line":117,"column":16},"end":{"line":117,"column":25}},"loc":{"start":{"line":117,"column":38},"end":{"line":119,"column":1}}},"8":{"name":"isCommenty","decl":{"start":{"line":121,"column":16},"end":{"line":121,"column":26}},"loc":{"start":{"line":121,"column":39},"end":{"line":123,"column":1}}},"9":{"name":"(anonymous_9)","decl":{"start":{"line":139,"column":0},"end":{"line":139,"column":10}},"loc":{"start":{"line":139,"column":22},"end":{"line":143,"column":1}}},"10":{"name":"is","decl":{"start":{"line":140,"column":20},"end":{"line":140,"column":22}},"loc":{"start":{"line":140,"column":35},"end":{"line":142,"column":5}}},"11":{"name":"terminalNode","decl":{"start":{"line":145,"column":9},"end":{"line":145,"column":21}},"loc":{"start":{"line":145,"column":35},"end":{"line":151,"column":1}}},"12":{"name":"(anonymous_12)","decl":{"start":{"line":156,"column":0},"end":{"line":156,"column":10}},"loc":{"start":{"line":156,"column":23},"end":{"line":160,"column":1}}},"13":{"name":"is","decl":{"start":{"line":157,"column":20},"end":{"line":157,"column":22}},"loc":{"start":{"line":157,"column":35},"end":{"line":159,"column":5}}},"14":{"name":"enclosingNode","decl":{"start":{"line":162,"column":9},"end":{"line":162,"column":22}},"loc":{"start":{"line":162,"column":36},"end":{"line":168,"column":1}}},"15":{"name":"(anonymous_15)","decl":{"start":{"line":189,"column":0},"end":{"line":189,"column":17}},"loc":{"start":{"line":189,"column":34},"end":{"line":466,"column":1}}},"16":{"name":"fromTree","decl":{"start":{"line":198,"column":20},"end":{"line":198,"column":28}},"loc":{"start":{"line":198,"column":93},"end":{"line":215,"column":5}}},"17":{"name":"fromNode","decl":{"start":{"line":217,"column":20},"end":{"line":217,"column":28}},"loc":{"start":{"line":217,"column":41},"end":{"line":465,"column":5}}},"18":{"name":"(anonymous_18)","decl":{"start":{"line":289,"column":32},"end":{"line":289,"column":36}},"loc":{"start":{"line":289,"column":40},"end":{"line":289,"column":53}}},"19":{"name":"(anonymous_19)","decl":{"start":{"line":308,"column":28},"end":{"line":308,"column":32}},"loc":{"start":{"line":308,"column":36},"end":{"line":308,"column":49}}},"20":{"name":"(anonymous_20)","decl":{"start":{"line":327,"column":28},"end":{"line":327,"column":32}},"loc":{"start":{"line":327,"column":36},"end":{"line":327,"column":49}}},"21":{"name":"(anonymous_21)","decl":{"start":{"line":354,"column":32},"end":{"line":354,"column":36}},"loc":{"start":{"line":354,"column":40},"end":{"line":354,"column":53}}},"22":{"name":"(anonymous_22)","decl":{"start":{"line":375,"column":28},"end":{"line":375,"column":32}},"loc":{"start":{"line":375,"column":36},"end":{"line":375,"column":49}}},"23":{"name":"lineageFromRoot","decl":{"start":{"line":468,"column":16},"end":{"line":468,"column":31}},"loc":{"start":{"line":468,"column":44},"end":{"line":470,"column":1}}},"24":{"name":"lineageFromTerminal","decl":{"start":{"line":472,"column":17},"end":{"line":472,"column":36}},"loc":{"start":{"line":472,"column":49},"end":{"line":479,"column":1}}},"25":{"name":"ascendAncestors","decl":{"start":{"line":480,"column":17},"end":{"line":480,"column":32}},"loc":{"start":{"line":480,"column":45},"end":{"line":487,"column":1}}},"26":{"name":"closestAncestorNodeOfTypes","decl":{"start":{"line":489,"column":16},"end":{"line":489,"column":42}},"loc":{"start":{"line":489,"column":72},"end":{"line":496,"column":1}}},"27":{"name":"closestAncestorNodeOfType","decl":{"start":{"line":498,"column":16},"end":{"line":498,"column":41}},"loc":{"start":{"line":498,"column":68},"end":{"line":505,"column":1}}},"28":{"name":"isOnlyInstanceOfCaptureName","decl":{"start":{"line":507,"column":16},"end":{"line":507,"column":43}},"loc":{"start":{"line":507,"column":75},"end":{"line":509,"column":1}}}},"branchMap":{"0":{"loc":{"start":{"line":89,"column":4},"end":{"line":101,"column":5}},"type":"switch","locations":[{"start":{"line":90,"column":8},"end":{"line":91,"column":23}},{"start":{"line":92,"column":8},"end":{"line":93,"column":23}},{"start":{"line":94,"column":8},"end":{"line":95,"column":22}},{"start":{"line":96,"column":8},"end":{"line":97,"column":23}},{"start":{"line":98,"column":8},"end":{"line":100,"column":27}}]},"1":{"loc":{"start":{"line":104,"column":12},"end":{"line":104,"column":null}},"type":"binary-expr","locations":[{"start":{"line":104,"column":12},"end":{"line":104,"column":35}},{"start":{"line":104,"column":35},"end":{"line":104,"column":null}}]},"2":{"loc":{"start":{"line":118,"column":11},"end":{"line":118,"column":55}},"type":"binary-expr","locations":[{"start":{"line":118,"column":11},"end":{"line":118,"column":23}},{"start":{"line":118,"column":27},"end":{"line":118,"column":55}}]},"3":{"loc":{"start":{"line":122,"column":11},"end":{"line":122,"column":50}},"type":"binary-expr","locations":[{"start":{"line":122,"column":11},"end":{"line":122,"column":23}},{"start":{"line":122,"column":27},"end":{"line":122,"column":50}}]},"4":{"loc":{"start":{"line":139,"column":10},"end":{"line":139,"column":null}},"type":"binary-expr","locations":[{"start":{"line":139,"column":10},"end":{"line":139,"column":22}},{"start":{"line":139,"column":10},"end":{"line":139,"column":null}}]},"5":{"loc":{"start":{"line":147,"column":8},"end":{"line":149,"column":9}},"type":"if","locations":[{"start":{"line":147,"column":8},"end":{"line":149,"column":9}},{"start":{},"end":{}}]},"6":{"loc":{"start":{"line":156,"column":10},"end":{"line":156,"column":null}},"type":"binary-expr","locations":[{"start":{"line":156,"column":10},"end":{"line":156,"column":23}},{"start":{"line":156,"column":10},"end":{"line":156,"column":null}}]},"7":{"loc":{"start":{"line":164,"column":8},"end":{"line":166,"column":9}},"type":"if","locations":[{"start":{"line":164,"column":8},"end":{"line":166,"column":9}},{"start":{},"end":{}}]},"8":{"loc":{"start":{"line":200,"column":8},"end":{"line":213,"column":9}},"type":"if","locations":[{"start":{"line":200,"column":8},"end":{"line":213,"column":9}},{"start":{"line":202,"column":15},"end":{"line":213,"column":9}}]},"9":{"loc":{"start":{"line":200,"column":12},"end":{"line":200,"column":73}},"type":"binary-expr","locations":[{"start":{"line":200,"column":12},"end":{"line":200,"column":38}},{"start":{"line":200,"column":42},"end":{"line":200,"column":73}}]},"10":{"loc":{"start":{"line":204,"column":12},"end":{"line":206,"column":13}},"type":"if","locations":[{"start":{"line":204,"column":12},"end":{"line":206,"column":13}},{"start":{},"end":{}}]},"11":{"loc":{"start":{"line":221,"column":12},"end":{"line":223,"column":13}},"type":"if","locations":[{"start":{"line":221,"column":12},"end":{"line":223,"column":13}},{"start":{},"end":{}}]},"12":{"loc":{"start":{"line":233,"column":8},"end":{"line":236,"column":9}},"type":"if","locations":[{"start":{"line":233,"column":8},"end":{"line":236,"column":9}},{"start":{},"end":{}}]},"13":{"loc":{"start":{"line":233,"column":12},"end":{"line":233,"column":35}},"type":"binary-expr","locations":[{"start":{"line":233,"column":12},"end":{"line":233,"column":21}},{"start":{"line":233,"column":25},"end":{"line":233,"column":35}}]},"14":{"loc":{"start":{"line":238,"column":8},"end":{"line":240,"column":9}},"type":"if","locations":[{"start":{"line":238,"column":8},"end":{"line":240,"column":9}},{"start":{},"end":{}}]},"15":{"loc":{"start":{"line":244,"column":8},"end":{"line":464,"column":9}},"type":"switch","locations":[{"start":{"line":245,"column":12},"end":{"line":245,"column":36}},{"start":{"line":246,"column":12},"end":{"line":246,"column":33}},{"start":{"line":247,"column":12},"end":{"line":248,"column":47}},{"start":{"line":249,"column":12},"end":{"line":250,"column":58}},{"start":{"line":251,"column":12},"end":{"line":252,"column":70}},{"start":{"line":253,"column":12},"end":{"line":258,"column":18}},{"start":{"line":259,"column":12},"end":{"line":271,"column":17}},{"start":{"line":273,"column":12},"end":{"line":278,"column":18}},{"start":{"line":279,"column":12},"end":{"line":284,"column":18}},{"start":{"line":285,"column":12},"end":{"line":304,"column":17}},{"start":{"line":305,"column":12},"end":{"line":321,"column":18}},{"start":{"line":324,"column":12},"end":{"line":349,"column":13}},{"start":{"line":350,"column":12},"end":{"line":370,"column":51}},{"start":{"line":371,"column":12},"end":{"line":380,"column":13}},{"start":{"line":381,"column":12},"end":{"line":381,"column":33}},{"start":{"line":382,"column":12},"end":{"line":396,"column":18}},{"start":{"line":397,"column":12},"end":{"line":408,"column":13}},{"start":{"line":409,"column":12},"end":{"line":409,"column":43}},{"start":{"line":410,"column":12},"end":{"line":410,"column":35}},{"start":{"line":411,"column":12},"end":{"line":411,"column":46}},{"start":{"line":412,"column":12},"end":{"line":412,"column":52}},{"start":{"line":413,"column":12},"end":{"line":433,"column":17}},{"start":{"line":435,"column":12},"end":{"line":435,"column":39}},{"start":{"line":436,"column":12},"end":{"line":436,"column":39}},{"start":{"line":437,"column":12},"end":{"line":437,"column":35}},{"start":{"line":438,"column":12},"end":{"line":438,"column":43}},{"start":{"line":439,"column":12},"end":{"line":439,"column":41}},{"start":{"line":440,"column":12},"end":{"line":440,"column":42}},{"start":{"line":441,"column":12},"end":{"line":441,"column":45}},{"start":{"line":442,"column":12},"end":{"line":442,"column":36}},{"start":{"line":443,"column":12},"end":{"line":443,"column":36}},{"start":{"line":444,"column":12},"end":{"line":444,"column":43}},{"start":{"line":445,"column":12},"end":{"line":445,"column":39}},{"start":{"line":446,"column":12},"end":{"line":446,"column":49}},{"start":{"line":447,"column":12},"end":{"line":447,"column":30}},{"start":{"line":448,"column":12},"end":{"line":448,"column":39}},{"start":{"line":449,"column":12},"end":{"line":449,"column":30}},{"start":{"line":450,"column":12},"end":{"line":450,"column":37}},{"start":{"line":451,"column":12},"end":{"line":451,"column":33}},{"start":{"line":452,"column":12},"end":{"line":452,"column":36}},{"start":{"line":453,"column":12},"end":{"line":453,"column":45}},{"start":{"line":454,"column":12},"end":{"line":454,"column":33}},{"start":{"line":455,"column":12},"end":{"line":455,"column":39}},{"start":{"line":456,"column":12},"end":{"line":457,"column":100}},{"start":{"line":459,"column":12},"end":{"line":460,"column":46}},{"start":{"line":461,"column":12},"end":{"line":463,"column":51}}]},"16":{"loc":{"start":{"line":260,"column":16},"end":{"line":271,"column":17}},"type":"if","locations":[{"start":{"line":260,"column":16},"end":{"line":271,"column":17}},{"start":{"line":265,"column":23},"end":{"line":271,"column":17}}]},"17":{"loc":{"start":{"line":286,"column":16},"end":{"line":304,"column":17}},"type":"if","locations":[{"start":{"line":286,"column":16},"end":{"line":304,"column":17}},{"start":{},"end":{}}]},"18":{"loc":{"start":{"line":295,"column":20},"end":{"line":303,"column":21}},"type":"if","locations":[{"start":{"line":295,"column":20},"end":{"line":303,"column":21}},{"start":{},"end":{}}]},"19":{"loc":{"start":{"line":295,"column":24},"end":{"line":295,"column":47}},"type":"binary-expr","locations":[{"start":{"line":295,"column":24},"end":{"line":295,"column":33}},{"start":{"line":295,"column":37},"end":{"line":295,"column":47}}]},"20":{"loc":{"start":{"line":310,"column":16},"end":{"line":312,"column":17}},"type":"if","locations":[{"start":{"line":310,"column":16},"end":{"line":312,"column":17}},{"start":{},"end":{}}]},"21":{"loc":{"start":{"line":329,"column":16},"end":{"line":331,"column":17}},"type":"if","locations":[{"start":{"line":329,"column":16},"end":{"line":331,"column":17}},{"start":{},"end":{}}]},"22":{"loc":{"start":{"line":336,"column":16},"end":{"line":348,"column":17}},"type":"if","locations":[{"start":{"line":336,"column":16},"end":{"line":348,"column":17}},{"start":{"line":341,"column":23},"end":{"line":348,"column":17}}]},"23":{"loc":{"start":{"line":360,"column":20},"end":{"line":368,"column":21}},"type":"if","locations":[{"start":{"line":360,"column":20},"end":{"line":368,"column":21}},{"start":{},"end":{}}]},"24":{"loc":{"start":{"line":360,"column":24},"end":{"line":360,"column":51}},"type":"binary-expr","locations":[{"start":{"line":360,"column":24},"end":{"line":360,"column":35}},{"start":{"line":360,"column":39},"end":{"line":360,"column":51}}]},"25":{"loc":{"start":{"line":387,"column":20},"end":{"line":392,"column":21}},"type":"if","locations":[{"start":{"line":387,"column":20},"end":{"line":392,"column":21}},{"start":{},"end":{}}]},"26":{"loc":{"start":{"line":401,"column":16},"end":{"line":406,"column":17}},"type":"if","locations":[{"start":{"line":401,"column":16},"end":{"line":406,"column":17}},{"start":{},"end":{}}]},"27":{"loc":{"start":{"line":416,"column":20},"end":{"line":418,"column":21}},"type":"if","locations":[{"start":{"line":416,"column":20},"end":{"line":418,"column":21}},{"start":{},"end":{}}]},"28":{"loc":{"start":{"line":420,"column":37},"end":{"line":420,"column":76}},"type":"cond-expr","locations":[{"start":{"line":420,"column":48},"end":{"line":420,"column":64}},{"start":{"line":420,"column":67},"end":{"line":420,"column":76}}]},"29":{"loc":{"start":{"line":421,"column":20},"end":{"line":426,"column":21}},"type":"if","locations":[{"start":{"line":421,"column":20},"end":{"line":426,"column":21}},{"start":{},"end":{}}]},"30":{"loc":{"start":{"line":189,"column":17},"end":{"line":189,"column":null}},"type":"binary-expr","locations":[{"start":{"line":189,"column":17},"end":{"line":189,"column":34}},{"start":{"line":189,"column":34},"end":{"line":189,"column":null}}]},"31":{"loc":{"start":{"line":491,"column":8},"end":{"line":493,"column":9}},"type":"if","locations":[{"start":{"line":491,"column":8},"end":{"line":493,"column":9}},{"start":{},"end":{}}]},"32":{"loc":{"start":{"line":500,"column":8},"end":{"line":502,"column":9}},"type":"if","locations":[{"start":{"line":500,"column":8},"end":{"line":502,"column":9}},{"start":{},"end":{}}]},"33":{"loc":{"start":{"line":508,"column":11},"end":{"line":508,"column":49}},"type":"binary-expr","locations":[{"start":{"line":508,"column":11},"end":{"line":508,"column":17}},{"start":{"line":508,"column":21},"end":{"line":508,"column":49}}]}},"s":{"0":2,"1":2,"2":2,"3":2,"4":2,"5":2,"6":2,"7":2,"8":2,"9":2,"10":2,"11":2,"12":2,"13":2,"14":2,"15":2,"16":2,"17":2,"18":2,"19":32,"20":2,"21":2,"22":6,"23":2,"24":2,"25":2,"26":0,"27":0,"28":0,"29":0,"30":0,"31":0,"32":0,"33":0,"34":0,"35":0,"36":0,"37":0,"38":0,"39":2,"40":2,"41":2,"42":2,"43":2,"44":2,"45":2,"46":2,"47":2,"48":2,"49":0,"50":0,"51":2,"52":2,"53":0,"54":2,"55":0,"56":0,"57":0,"58":2,"59":2,"60":0,"61":2,"62":0,"63":0,"64":0,"65":2,"66":2,"67":2,"68":2,"69":2,"70":0,"71":0,"72":0,"73":0,"74":0,"75":0,"76":0,"77":0,"78":2,"79":0,"80":0,"81":0,"82":0,"83":0,"84":0,"85":0,"86":0,"87":0,"88":0,"89":0,"90":0,"91":0,"92":0,"93":0,"94":0,"95":0,"96":0,"97":0,"98":0,"99":0,"100":0,"101":0,"102":0,"103":0,"104":0,"105":0,"106":0,"107":0,"108":0,"109":0,"110":0,"111":0,"112":0,"113":0,"114":0,"115":0,"116":0,"117":0,"118":0,"119":0,"120":0,"121":0,"122":0,"123":0,"124":0,"125":0,"126":0,"127":0,"128":0,"129":0,"130":0,"131":0,"132":0,"133":0,"134":0,"135":0,"136":0,"137":0,"138":0,"139":0,"140":0,"141":0,"142":0,"143":0,"144":0,"145":0,"146":0,"147":0,"148":0,"149":0,"150":2,"151":0,"152":0,"153":0,"154":0,"155":0,"156":0,"157":0,"158":0,"159":0,"160":0,"161":0,"162":0,"163":0,"164":0,"165":0,"166":0,"167":0,"168":0,"169":0,"170":0},"f":{"0":32,"1":6,"2":0,"3":0,"4":0,"5":0,"6":2,"7":0,"8":0,"9":2,"10":0,"11":0,"12":2,"13":0,"14":0,"15":2,"16":0,"17":0,"18":0,"19":0,"20":0,"21":0,"22":0,"23":0,"24":0,"25":0,"26":0,"27":0,"28":0},"b":{"0":[0,0,0,0,0],"1":[2,2],"2":[0,0],"3":[0,0],"4":[2,2],"5":[0,0],"6":[2,2],"7":[0,0],"8":[0,0],"9":[0,0],"10":[0,0],"11":[0,0],"12":[0,0],"13":[0,0],"14":[0,0],"15":[0,0,0,0,0,0,0,0,0,0,0,0,0,0,0,0,0,0,0,0,0,0,0,0,0,0,0,0,0,0,0,0,0,0,0,0,0,0,0,0,0,0,0,0,0,0],"16":[0,0],"17":[0,0],"18":[0,0],"19":[0,0],"20":[0,0],"21":[0,0],"22":[0,0],"23":[0,0],"24":[0,0],"25":[0,0],"26":[0,0],"27":[0,0],"28":[0,0],"29":[0,0],"30":[2,2],"31":[0,0],"32":[0,0],"33":[0,0]}}
,"/Users/buckyallen/Documents-Local/local-repos/vscode-tree-sitter-dev/server/src/junk_drawer.ts": {"path":"/Users/buckyallen/Documents-Local/local-repos/vscode-tree-sitter-dev/server/src/junk_drawer.ts","statementMap":{"0":{"start":{"line":7,"column":0},"end":{"line":7,"column":16}},"1":{"start":{"line":22,"column":0},"end":{"line":22,"column":16}},"2":{"start":{"line":28,"column":0},"end":{"line":28,"column":16}},"3":{"start":{"line":32,"column":0},"end":{"line":32,"column":16}},"4":{"start":{"line":43,"column":0},"end":{"line":43,"column":16}},"5":{"start":{"line":55,"column":0},"end":{"line":55,"column":16}},"6":{"start":{"line":60,"column":0},"end":{"line":60,"column":16}},"7":{"start":{"line":66,"column":0},"end":{"line":66,"column":16}},"8":{"start":{"line":69,"column":0},"end":{"line":69,"column":16}},"9":{"start":{"line":94,"column":0},"end":{"line":94,"column":16}},"10":{"start":{"line":99,"column":0},"end":{"line":99,"column":16}},"11":{"start":{"line":101,"column":0},"end":{"line":101,"column":16}},"12":{"start":{"line":105,"column":0},"end":{"line":105,"column":16}},"13":{"start":{"line":109,"column":0},"end":{"line":109,"column":16}},"14":{"start":{"line":116,"column":0},"end":{"line":116,"column":16}},"15":{"start":{"line":123,"column":0},"end":{"line":123,"column":16}},"16":{"start":{"line":131,"column":0},"end":{"line":131,"column":16}},"17":{"start":{"line":143,"column":0},"end":{"line":143,"column":7}},"18":{"start":{"line":148,"column":0},"end":{"line":148,"column":7}},"19":{"start":{"line":153,"column":0},"end":{"line":153,"column":16}},"20":{"start":{"line":157,"column":0},"end":{"line":157,"column":16}},"21":{"start":{"line":161,"column":0},"end":{"line":161,"column":16}},"22":{"start":{"line":165,"column":0},"end":{"line":165,"column":16}},"23":{"start":{"line":173,"column":0},"end":{"line":173,"column":16}},"24":{"start":{"line":181,"column":0},"end":{"line":181,"column":16}},"25":{"start":{"line":188,"column":0},"end":{"line":188,"column":16}},"26":{"start":{"line":192,"column":0},"end":{"line":192,"column":16}},"27":{"start":{"line":212,"column":0},"end":{"line":212,"column":16}},"28":{"start":{"line":231,"column":0},"end":{"line":231,"column":16}},"29":{"start":{"line":237,"column":0},"end":{"line":237,"column":16}},"30":{"start":{"line":251,"column":0},"end":{"line":251,"column":16}},"31":{"start":{"line":258,"column":0},"end":{"line":258,"column":16}},"32":{"start":{"line":264,"column":0},"end":{"line":264,"column":16}},"33":{"start":{"line":271,"column":0},"end":{"line":271,"column":16}},"34":{"start":{"line":278,"column":0},"end":{"line":278,"column":16}},"35":{"start":{"line":282,"column":0},"end":{"line":282,"column":16}},"36":{"start":{"line":286,"column":0},"end":{"line":286,"column":16}},"37":{"start":{"line":294,"column":0},"end":{"line":294,"column":16}},"38":{"start":{"line":297,"column":0},"end":{"line":297,"column":16}},"39":{"start":{"line":306,"column":0},"end":{"line":306,"column":15}},"40":{"start":{"line":327,"column":0},"end":{"line":327,"column":16}},"41":{"start":{"line":406,"column":0},"end":{"line":406,"column":16}},"42":{"start":{"line":2,"column":0},"end":{"line":2,"column":66}},"43":{"start":{"line":5,"column":0},"end":{"line":5,"column":87}},"44":{"start":{"line":8,"column":4},"end":{"line":10,"column":5}},"45":{"start":{"line":9,"column":8},"end":{"line":9,"column":20}},"46":{"start":{"line":11,"column":16},"end":{"line":11,"column":26}},"47":{"start":{"line":12,"column":15},"end":{"line":12,"column":52}},"48":{"start":{"line":13,"column":4},"end":{"line":15,"column":5}},"49":{"start":{"line":14,"column":8},"end":{"line":14,"column":20}},"50":{"start":{"line":16,"column":4},"end":{"line":18,"column":5}},"51":{"start":{"line":17,"column":8},"end":{"line":17,"column":50}},"52":{"start":{"line":19,"column":4},"end":{"line":19,"column":16}},"53":{"start":{"line":23,"column":4},"end":{"line":25,"column":37}},"54":{"start":{"line":24,"column":21},"end":{"line":24,"column":44}},"55":{"start":{"line":29,"column":4},"end":{"line":29,"column":127}},"56":{"start":{"line":33,"column":4},"end":{"line":40,"column":5}},"57":{"start":{"line":35,"column":12},"end":{"line":35,"column":101}},"58":{"start":{"line":37,"column":12},"end":{"line":37,"column":54}},"59":{"start":{"line":39,"column":12},"end":{"line":39,"column":19}},"60":{"start":{"line":44,"column":4},"end":{"line":44,"column":52}},"61":{"start":{"line":45,"column":4},"end":{"line":47,"column":5}},"62":{"start":{"line":46,"column":8},"end":{"line":46,"column":15}},"63":{"start":{"line":48,"column":4},"end":{"line":52,"column":5}},"64":{"start":{"line":49,"column":8},"end":{"line":49,"column":59}},"65":{"start":{"line":50,"column":11},"end":{"line":52,"column":5}},"66":{"start":{"line":51,"column":8},"end":{"line":51,"column":76}},"67":{"start":{"line":56,"column":4},"end":{"line":57,"column":76}},"68":{"start":{"line":57,"column":8},"end":{"line":57,"column":76}},"69":{"start":{"line":61,"column":4},"end":{"line":61,"column":40}},"70":{"start":{"line":64,"column":0},"end":{"line":64,"column":9}},"71":{"start":{"line":64,"column":9},"end":{"line":64,"column":23}},"72":{"start":{"line":67,"column":4},"end":{"line":67,"column":61}},"73":{"start":{"line":67,"column":38},"end":{"line":67,"column":59}},"74":{"start":{"line":70,"column":4},"end":{"line":70,"column":50}},"75":{"start":{"line":86,"column":20},"end":{"line":86,"column":31}},"76":{"start":{"line":88,"column":13},"end":{"line":88,"column":33}},"77":{"start":{"line":96,"column":4},"end":{"line":96,"column":86}},"78":{"start":{"line":96,"column":30},"end":{"line":96,"column":73}},"79":{"start":{"line":102,"column":4},"end":{"line":102,"column":23}},"80":{"start":{"line":106,"column":4},"end":{"line":106,"column":38}},"81":{"start":{"line":110,"column":4},"end":{"line":113,"column":6}},"82":{"start":{"line":117,"column":4},"end":{"line":120,"column":6}},"83":{"start":{"line":124,"column":18},"end":{"line":124,"column":37}},"84":{"start":{"line":125,"column":17},"end":{"line":125,"column":40}},"85":{"start":{"line":126,"column":17},"end":{"line":126,"column":50}},"86":{"start":{"line":127,"column":17},"end":{"line":127,"column":47}},"87":{"start":{"line":128,"column":4},"end":{"line":128,"column":24}},"88":{"start":{"line":132,"column":30},"end":{"line":135,"column":6}},"89":{"start":{"line":136,"column":27},"end":{"line":139,"column":6}},"90":{"start":{"line":140,"column":4},"end":{"line":140,"column":35}},"91":{"start":{"line":144,"column":4},"end":{"line":144,"column":24}},"92":{"start":{"line":145,"column":4},"end":{"line":145,"column":24}},"93":{"start":{"line":149,"column":4},"end":{"line":149,"column":24}},"94":{"start":{"line":150,"column":4},"end":{"line":150,"column":31}},"95":{"start":{"line":154,"column":4},"end":{"line":154,"column":44}},"96":{"start":{"line":158,"column":4},"end":{"line":158,"column":34}},"97":{"start":{"line":162,"column":4},"end":{"line":162,"column":91}},"98":{"start":{"line":170,"column":4},"end":{"line":170,"column":116}},"99":{"start":{"line":178,"column":4},"end":{"line":178,"column":88}},"100":{"start":{"line":185,"column":4},"end":{"line":185,"column":80}},"101":{"start":{"line":189,"column":4},"end":{"line":189,"column":15}},"102":{"start":{"line":197,"column":4},"end":{"line":197,"column":64}},"103":{"start":{"line":216,"column":4},"end":{"line":218,"column":5}},"104":{"start":{"line":217,"column":8},"end":{"line":217,"column":21}},"105":{"start":{"line":219,"column":44},"end":{"line":219,"column":65}},"106":{"start":{"line":220,"column":17},"end":{"line":220,"column":116}},"107":{"start":{"line":220,"column":54},"end":{"line":220,"column":115}},"108":{"start":{"line":221,"column":4},"end":{"line":221,"column":18}},"109":{"start":{"line":225,"column":4},"end":{"line":228,"column":5}},"110":{"start":{"line":226,"column":8},"end":{"line":226,"column":25}},"111":{"start":{"line":227,"column":8},"end":{"line":227,"column":19}},"112":{"start":{"line":232,"column":4},"end":{"line":232,"column":33}},"113":{"start":{"line":241,"column":4},"end":{"line":243,"column":5}},"114":{"start":{"line":242,"column":8},"end":{"line":242,"column":47}},"115":{"start":{"line":244,"column":4},"end":{"line":244,"column":54}},"116":{"start":{"line":248,"column":4},"end":{"line":248,"column":72}},"117":{"start":{"line":248,"column":43},"end":{"line":248,"column":71}},"118":{"start":{"line":252,"column":4},"end":{"line":255,"column":6}},"119":{"start":{"line":261,"column":4},"end":{"line":261,"column":27}},"120":{"start":{"line":265,"column":4},"end":{"line":268,"column":6}},"121":{"start":{"line":272,"column":4},"end":{"line":275,"column":6}},"122":{"start":{"line":279,"column":4},"end":{"line":279,"column":38}},"123":{"start":{"line":283,"column":4},"end":{"line":283,"column":39}},"124":{"start":{"line":287,"column":4},"end":{"line":291,"column":5}},"125":{"start":{"line":288,"column":8},"end":{"line":290,"column":9}},"126":{"start":{"line":289,"column":12},"end":{"line":289,"column":25}},"127":{"start":{"line":292,"column":4},"end":{"line":292,"column":16}},"128":{"start":{"line":295,"column":4},"end":{"line":295,"column":45}},"129":{"start":{"line":298,"column":17},"end":{"line":298,"column":19}},"130":{"start":{"line":299,"column":17},"end":{"line":299,"column":19}},"131":{"start":{"line":300,"column":4},"end":{"line":302,"column":5}},"132":{"start":{"line":301,"column":8},"end":{"line":301,"column":60}},"133":{"start":{"line":303,"column":4},"end":{"line":303,"column":18}},"134":{"start":{"line":307,"column":17},"end":{"line":307,"column":28}},"135":{"start":{"line":308,"column":18},"end":{"line":308,"column":22}},"136":{"start":{"line":309,"column":16},"end":{"line":309,"column":17}},"137":{"start":{"line":310,"column":25},"end":{"line":310,"column":27}},"138":{"start":{"line":312,"column":4},"end":{"line":323,"column":5}},"139":{"start":{"line":313,"column":8},"end":{"line":313,"column":19}},"140":{"start":{"line":314,"column":8},"end":{"line":322,"column":9}},"141":{"start":{"line":315,"column":12},"end":{"line":317,"column":13}},"142":{"start":{"line":316,"column":16},"end":{"line":316,"column":23}},"143":{"start":{"line":319,"column":12},"end":{"line":319,"column":45}},"144":{"start":{"line":320,"column":12},"end":{"line":320,"column":25}},"145":{"start":{"line":321,"column":12},"end":{"line":321,"column":87}},"146":{"start":{"line":324,"column":4},"end":{"line":324,"column":11}},"147":{"start":{"line":328,"column":26},"end":{"line":328,"column":28}},"148":{"start":{"line":329,"column":20},"end":{"line":329,"column":21}},"149":{"start":{"line":330,"column":4},"end":{"line":344,"column":5}},"150":{"start":{"line":331,"column":8},"end":{"line":335,"column":9}},"151":{"start":{"line":332,"column":23},"end":{"line":332,"column":35}},"152":{"start":{"line":333,"column":12},"end":{"line":333,"column":77}},"153":{"start":{"line":334,"column":12},"end":{"line":334,"column":29}},"154":{"start":{"line":336,"column":26},"end":{"line":336,"column":100}},"155":{"start":{"line":337,"column":19},"end":{"line":337,"column":48}},"156":{"start":{"line":338,"column":20},"end":{"line":338,"column":88}},"157":{"start":{"line":339,"column":20},"end":{"line":339,"column":63}},"158":{"start":{"line":340,"column":19},"end":{"line":340,"column":80}},"159":{"start":{"line":341,"column":22},"end":{"line":341,"column":62}},"160":{"start":{"line":342,"column":8},"end":{"line":342,"column":72}},"161":{"start":{"line":343,"column":8},"end":{"line":343,"column":40}},"162":{"start":{"line":345,"column":4},"end":{"line":349,"column":5}},"163":{"start":{"line":346,"column":19},"end":{"line":346,"column":31}},"164":{"start":{"line":347,"column":8},"end":{"line":347,"column":51}},"165":{"start":{"line":348,"column":8},"end":{"line":348,"column":25}},"166":{"start":{"line":350,"column":4},"end":{"line":350,"column":28}},"167":{"start":{"line":407,"column":4},"end":{"line":407,"column":24}}},"fnMap":{"0":{"name":"dequote","decl":{"start":{"line":7,"column":16},"end":{"line":7,"column":23}},"loc":{"start":{"line":7,"column":36},"end":{"line":20,"column":1}}},"1":{"name":"enumNames","decl":{"start":{"line":22,"column":16},"end":{"line":22,"column":25}},"loc":{"start":{"line":22,"column":48},"end":{"line":26,"column":1}}},"2":{"name":"(anonymous_2)","decl":{"start":{"line":24,"column":16},"end":{"line":24,"column":17}},"loc":{"start":{"line":24,"column":21},"end":{"line":24,"column":44}}},"3":{"name":"sortCaptures","decl":{"start":{"line":28,"column":16},"end":{"line":28,"column":28}},"loc":{"start":{"line":28,"column":61},"end":{"line":30,"column":1}}},"4":{"name":"fieldIdentifier","decl":{"start":{"line":32,"column":16},"end":{"line":32,"column":31}},"loc":{"start":{"line":32,"column":45},"end":{"line":41,"column":1}}},"5":{"name":"nodeName","decl":{"start":{"line":43,"column":16},"end":{"line":43,"column":24}},"loc":{"start":{"line":43,"column":58},"end":{"line":53,"column":1}}},"6":{"name":"nodeIdentifier","decl":{"start":{"line":55,"column":16},"end":{"line":55,"column":30}},"loc":{"start":{"line":55,"column":43},"end":{"line":58,"column":1}}},"7":{"name":"nameOfField","decl":{"start":{"line":60,"column":16},"end":{"line":60,"column":27}},"loc":{"start":{"line":60,"column":41},"end":{"line":62,"column":1}}},"8":{"name":"(anonymous_8)","decl":{"start":{"line":64,"column":9},"end":{"line":64,"column":13}},"loc":{"start":{"line":64,"column":9},"end":{"line":64,"column":23}}},"9":{"name":"capturesWithName","decl":{"start":{"line":66,"column":16},"end":{"line":66,"column":32}},"loc":{"start":{"line":66,"column":71},"end":{"line":68,"column":1}}},"10":{"name":"(anonymous_10)","decl":{"start":{"line":67,"column":27},"end":{"line":67,"column":34}},"loc":{"start":{"line":67,"column":38},"end":{"line":67,"column":59}}},"11":{"name":"captureWithName","decl":{"start":{"line":69,"column":16},"end":{"line":69,"column":31}},"loc":{"start":{"line":69,"column":70},"end":{"line":71,"column":1}}},"12":{"name":"formatNodePath","decl":{"start":{"line":94,"column":16},"end":{"line":94,"column":30}},"loc":{"start":{"line":94,"column":44},"end":{"line":97,"column":1}}},"13":{"name":"(anonymous_13)","decl":{"start":{"line":96,"column":21},"end":{"line":96,"column":25}},"loc":{"start":{"line":96,"column":30},"end":{"line":96,"column":73}}},"14":{"name":"revealType","decl":{"start":{"line":99,"column":16},"end":{"line":99,"column":26}},"loc":{"start":{"line":99,"column":36},"end":{"line":99,"column":46}}},"15":{"name":"firstOf","decl":{"start":{"line":101,"column":16},"end":{"line":101,"column":23}},"loc":{"start":{"line":101,"column":37},"end":{"line":103,"column":1}}},"16":{"name":"lastOf","decl":{"start":{"line":105,"column":16},"end":{"line":105,"column":22}},"loc":{"start":{"line":105,"column":36},"end":{"line":107,"column":1}}},"17":{"name":"PointFromPosition","decl":{"start":{"line":109,"column":16},"end":{"line":109,"column":33}},"loc":{"start":{"line":109,"column":56},"end":{"line":114,"column":1}}},"18":{"name":"lineRange","decl":{"start":{"line":116,"column":16},"end":{"line":116,"column":25}},"loc":{"start":{"line":116,"column":48},"end":{"line":121,"column":1}}},"19":{"name":"splitLine","decl":{"start":{"line":123,"column":16},"end":{"line":123,"column":25}},"loc":{"start":{"line":123,"column":72},"end":{"line":129,"column":1}}},"20":{"name":"precedingLineContents","decl":{"start":{"line":131,"column":16},"end":{"line":131,"column":37}},"loc":{"start":{"line":131,"column":84},"end":{"line":141,"column":1}}},"21":{"name":"newParser","decl":{"start":{"line":143,"column":22},"end":{"line":143,"column":31}},"loc":{"start":{"line":143,"column":31},"end":{"line":146,"column":1}}},"22":{"name":"newLanguage","decl":{"start":{"line":148,"column":22},"end":{"line":148,"column":33}},"loc":{"start":{"line":148,"column":46},"end":{"line":151,"column":1}}},"23":{"name":"isEmptyObject","decl":{"start":{"line":153,"column":16},"end":{"line":153,"column":29}},"loc":{"start":{"line":153,"column":41},"end":{"line":155,"column":1}}},"24":{"name":"isNotEmpty","decl":{"start":{"line":157,"column":16},"end":{"line":157,"column":26}},"loc":{"start":{"line":157,"column":42},"end":{"line":159,"column":1}}},"25":{"name":"lacksProperty","decl":{"start":{"line":161,"column":16},"end":{"line":161,"column":29}},"loc":{"start":{"line":161,"column":73},"end":{"line":163,"column":1}}},"26":{"name":"lacksOrHasPropertyOfType","decl":{"start":{"line":165,"column":16},"end":{"line":165,"column":40}},"loc":{"start":{"line":168,"column":32},"end":{"line":171,"column":1}}},"27":{"name":"hasProperty","decl":{"start":{"line":173,"column":16},"end":{"line":173,"column":27}},"loc":{"start":{"line":176,"column":32},"end":{"line":179,"column":1}}},"28":{"name":"isRecordOf","decl":{"start":{"line":181,"column":16},"end":{"line":181,"column":26}},"loc":{"start":{"line":183,"column":31},"end":{"line":186,"column":1}}},"29":{"name":"castUnchecked","decl":{"start":{"line":188,"column":16},"end":{"line":188,"column":29}},"loc":{"start":{"line":188,"column":41},"end":{"line":190,"column":1}}},"30":{"name":"hasPropertyOfType","decl":{"start":{"line":192,"column":16},"end":{"line":192,"column":33}},"loc":{"start":{"line":195,"column":32},"end":{"line":198,"column":1}}},"31":{"name":"hasPropertiesOfTypes","decl":{"start":{"line":212,"column":16},"end":{"line":212,"column":36}},"loc":{"start":{"line":214,"column":37},"end":{"line":222,"column":1}}},"32":{"name":"(anonymous_32)","decl":{"start":{"line":220,"column":31},"end":{"line":220,"column":32}},"loc":{"start":{"line":220,"column":54},"end":{"line":220,"column":115}}},"33":{"name":"hpot_test","decl":{"start":{"line":224,"column":9},"end":{"line":224,"column":18}},"loc":{"start":{"line":224,"column":30},"end":{"line":229,"column":1}}},"34":{"name":"isArray","decl":{"start":{"line":231,"column":16},"end":{"line":231,"column":23}},"loc":{"start":{"line":231,"column":35},"end":{"line":233,"column":1}}},"35":{"name":"isArrayOf","decl":{"start":{"line":237,"column":16},"end":{"line":237,"column":25}},"loc":{"start":{"line":239,"column":44},"end":{"line":245,"column":1}}},"36":{"name":"createIsArrayOfFunction","decl":{"start":{"line":247,"column":9},"end":{"line":247,"column":32}},"loc":{"start":{"line":247,"column":63},"end":{"line":249,"column":1}}},"37":{"name":"(anonymous_37)","decl":{"start":{"line":248,"column":11},"end":{"line":248,"column":12}},"loc":{"start":{"line":248,"column":43},"end":{"line":248,"column":71}}},"38":{"name":"markup","decl":{"start":{"line":251,"column":16},"end":{"line":251,"column":22}},"loc":{"start":{"line":251,"column":36},"end":{"line":256,"column":1}}},"39":{"name":"hasLength","decl":{"start":{"line":258,"column":16},"end":{"line":258,"column":25}},"loc":{"start":{"line":259,"column":15},"end":{"line":262,"column":1}}},"40":{"name":"lspRangeFromNode","decl":{"start":{"line":264,"column":16},"end":{"line":264,"column":32}},"loc":{"start":{"line":264,"column":43},"end":{"line":269,"column":1}}},"41":{"name":"lspRangeFromNodePair","decl":{"start":{"line":271,"column":16},"end":{"line":271,"column":36}},"loc":{"start":{"line":271,"column":59},"end":{"line":276,"column":1}}},"42":{"name":"isString","decl":{"start":{"line":278,"column":16},"end":{"line":278,"column":24}},"loc":{"start":{"line":278,"column":40},"end":{"line":280,"column":1}}},"43":{"name":"isBoolean","decl":{"start":{"line":282,"column":16},"end":{"line":282,"column":25}},"loc":{"start":{"line":282,"column":41},"end":{"line":284,"column":1}}},"44":{"name":"everyValueOfSet","decl":{"start":{"line":286,"column":16},"end":{"line":286,"column":31}},"loc":{"start":{"line":286,"column":71},"end":{"line":293,"column":1}}},"45":{"name":"isNotNullish","decl":{"start":{"line":294,"column":16},"end":{"line":294,"column":28}},"loc":{"start":{"line":294,"column":38},"end":{"line":296,"column":1}}},"46":{"name":"split","decl":{"start":{"line":297,"column":16},"end":{"line":297,"column":21}},"loc":{"start":{"line":297,"column":60},"end":{"line":304,"column":1}}},"47":{"name":"walkTree","decl":{"start":{"line":306,"column":17},"end":{"line":306,"column":25}},"loc":{"start":{"line":306,"column":40},"end":{"line":325,"column":1}}},"48":{"name":"_formatTree","decl":{"start":{"line":327,"column":16},"end":{"line":327,"column":27}},"loc":{"start":{"line":327,"column":42},"end":{"line":351,"column":1}}},"49":{"name":"NodeIsNamed","decl":{"start":{"line":406,"column":16},"end":{"line":406,"column":27}},"loc":{"start":{"line":406,"column":38},"end":{"line":408,"column":1}}}},"branchMap":{"0":{"loc":{"start":{"line":8,"column":4},"end":{"line":10,"column":5}},"type":"if","locations":[{"start":{"line":8,"column":4},"end":{"line":10,"column":5}},{"start":{},"end":{}}]},"1":{"loc":{"start":{"line":13,"column":4},"end":{"line":15,"column":5}},"type":"if","locations":[{"start":{"line":13,"column":4},"end":{"line":15,"column":5}},{"start":{},"end":{}}]},"2":{"loc":{"start":{"line":13,"column":8},"end":{"line":13,"column":23}},"type":"binary-expr","locations":[{"start":{"line":13,"column":8},"end":{"line":13,"column":14}},{"start":{"line":13,"column":18},"end":{"line":13,"column":23}}]},"3":{"loc":{"start":{"line":16,"column":4},"end":{"line":18,"column":5}},"type":"if","locations":[{"start":{"line":16,"column":4},"end":{"line":18,"column":5}},{"start":{},"end":{}}]},"4":{"loc":{"start":{"line":29,"column":11},"end":{"line":29,"column":126}},"type":"cond-expr","locations":[{"start":{"line":29,"column":53},"end":{"line":29,"column":86}},{"start":{"line":29,"column":89},"end":{"line":29,"column":126}}]},"5":{"loc":{"start":{"line":33,"column":4},"end":{"line":40,"column":5}},"type":"switch","locations":[{"start":{"line":34,"column":8},"end":{"line":35,"column":101}},{"start":{"line":36,"column":8},"end":{"line":37,"column":54}},{"start":{"line":38,"column":8},"end":{"line":39,"column":19}}]},"6":{"loc":{"start":{"line":37,"column":19},"end":{"line":37,"column":53}},"type":"binary-expr","locations":[{"start":{"line":37,"column":19},"end":{"line":37,"column":40}},{"start":{"line":37,"column":44},"end":{"line":37,"column":53}}]},"7":{"loc":{"start":{"line":44,"column":17},"end":{"line":44,"column":51}},"type":"binary-expr","locations":[{"start":{"line":44,"column":17},"end":{"line":44,"column":27}},{"start":{"line":44,"column":31},"end":{"line":44,"column":51}}]},"8":{"loc":{"start":{"line":45,"column":4},"end":{"line":47,"column":5}},"type":"if","locations":[{"start":{"line":45,"column":4},"end":{"line":47,"column":5}},{"start":{},"end":{}}]},"9":{"loc":{"start":{"line":48,"column":4},"end":{"line":52,"column":5}},"type":"if","locations":[{"start":{"line":48,"column":4},"end":{"line":52,"column":5}},{"start":{"line":50,"column":11},"end":{"line":52,"column":5}}]},"10":{"loc":{"start":{"line":49,"column":15},"end":{"line":49,"column":58}},"type":"cond-expr","locations":[{"start":{"line":49,"column":37},"end":{"line":49,"column":40}},{"start":{"line":49,"column":43},"end":{"line":49,"column":58}}]},"11":{"loc":{"start":{"line":50,"column":11},"end":{"line":52,"column":5}},"type":"if","locations":[{"start":{"line":50,"column":11},"end":{"line":52,"column":5}},{"start":{},"end":{}}]},"12":{"loc":{"start":{"line":51,"column":15},"end":{"line":51,"column":75}},"type":"cond-expr","locations":[{"start":{"line":51,"column":37},"end":{"line":51,"column":40}},{"start":{"line":51,"column":43},"end":{"line":51,"column":75}}]},"13":{"loc":{"start":{"line":56,"column":4},"end":{"line":57,"column":76}},"type":"if","locations":[{"start":{"line":56,"column":4},"end":{"line":57,"column":76}},{"start":{},"end":{}}]},"14":{"loc":{"start":{"line":56,"column":8},"end":{"line":56,"column":68}},"type":"binary-expr","locations":[{"start":{"line":56,"column":8},"end":{"line":56,"column":34}},{"start":{"line":56,"column":38},"end":{"line":56,"column":68}}]},"15":{"loc":{"start":{"line":96,"column":30},"end":{"line":96,"column":73}},"type":"cond-expr","locations":[{"start":{"line":96,"column":45},"end":{"line":96,"column":54}},{"start":{"line":96,"column":57},"end":{"line":96,"column":73}}]},"16":{"loc":{"start":{"line":162,"column":11},"end":{"line":162,"column":90}},"type":"binary-expr","locations":[{"start":{"line":162,"column":11},"end":{"line":162,"column":26}},{"start":{"line":162,"column":31},"end":{"line":162,"column":57}},{"start":{"line":162,"column":61},"end":{"line":162,"column":89}}]},"17":{"loc":{"start":{"line":170,"column":11},"end":{"line":170,"column":115}},"type":"binary-expr","locations":[{"start":{"line":170,"column":11},"end":{"line":170,"column":26}},{"start":{"line":170,"column":30},"end":{"line":170,"column":56}},{"start":{"line":170,"column":60},"end":{"line":170,"column":88}},{"start":{"line":170,"column":92},"end":{"line":170,"column":115}}]},"18":{"loc":{"start":{"line":178,"column":11},"end":{"line":178,"column":87}},"type":"binary-expr","locations":[{"start":{"line":178,"column":11},"end":{"line":178,"column":26}},{"start":{"line":178,"column":30},"end":{"line":178,"column":56}},{"start":{"line":178,"column":60},"end":{"line":178,"column":87}}]},"19":{"loc":{"start":{"line":185,"column":11},"end":{"line":185,"column":79}},"type":"binary-expr","locations":[{"start":{"line":185,"column":11},"end":{"line":185,"column":37}},{"start":{"line":185,"column":41},"end":{"line":185,"column":79}}]},"20":{"loc":{"start":{"line":197,"column":11},"end":{"line":197,"column":63}},"type":"binary-expr","locations":[{"start":{"line":197,"column":11},"end":{"line":197,"column":36}},{"start":{"line":197,"column":40},"end":{"line":197,"column":63}}]},"21":{"loc":{"start":{"line":216,"column":4},"end":{"line":218,"column":5}},"type":"if","locations":[{"start":{"line":216,"column":4},"end":{"line":218,"column":5}},{"start":{},"end":{}}]},"22":{"loc":{"start":{"line":216,"column":8},"end":{"line":216,"column":53}},"type":"binary-expr","locations":[{"start":{"line":216,"column":8},"end":{"line":216,"column":23}},{"start":{"line":216,"column":27},"end":{"line":216,"column":53}}]},"23":{"loc":{"start":{"line":220,"column":54},"end":{"line":220,"column":115}},"type":"binary-expr","locations":[{"start":{"line":220,"column":54},"end":{"line":220,"column":88}},{"start":{"line":220,"column":92},"end":{"line":220,"column":115}}]},"24":{"loc":{"start":{"line":225,"column":4},"end":{"line":228,"column":5}},"type":"if","locations":[{"start":{"line":225,"column":4},"end":{"line":228,"column":5}},{"start":{},"end":{}}]},"25":{"loc":{"start":{"line":241,"column":4},"end":{"line":243,"column":5}},"type":"if","locations":[{"start":{"line":241,"column":4},"end":{"line":243,"column":5}},{"start":{},"end":{}}]},"26":{"loc":{"start":{"line":244,"column":11},"end":{"line":244,"column":53}},"type":"binary-expr","locations":[{"start":{"line":244,"column":11},"end":{"line":244,"column":26}},{"start":{"line":244,"column":30},"end":{"line":244,"column":53}}]},"27":{"loc":{"start":{"line":288,"column":8},"end":{"line":290,"column":9}},"type":"if","locations":[{"start":{"line":288,"column":8},"end":{"line":290,"column":9}},{"start":{},"end":{}}]},"28":{"loc":{"start":{"line":295,"column":11},"end":{"line":295,"column":44}},"type":"binary-expr","locations":[{"start":{"line":295,"column":11},"end":{"line":295,"column":28}},{"start":{"line":295,"column":32},"end":{"line":295,"column":44}}]},"29":{"loc":{"start":{"line":301,"column":8},"end":{"line":301,"column":59}},"type":"binary-expr","locations":[{"start":{"line":301,"column":9},"end":{"line":301,"column":24}},{"start":{"line":301,"column":28},"end":{"line":301,"column":42}},{"start":{"line":301,"column":47},"end":{"line":301,"column":59}}]},"30":{"loc":{"start":{"line":314,"column":8},"end":{"line":322,"column":9}},"type":"if","locations":[{"start":{"line":314,"column":8},"end":{"line":322,"column":9}},{"start":{"line":318,"column":15},"end":{"line":322,"column":9}}]},"31":{"loc":{"start":{"line":315,"column":12},"end":{"line":317,"column":13}},"type":"if","locations":[{"start":{"line":315,"column":12},"end":{"line":317,"column":13}},{"start":{},"end":{}}]},"32":{"loc":{"start":{"line":315,"column":18},"end":{"line":315,"column":65}},"type":"binary-expr","locations":[{"start":{"line":315,"column":18},"end":{"line":315,"column":42}},{"start":{"line":315,"column":46},"end":{"line":315,"column":65}}]},"33":{"loc":{"start":{"line":321,"column":12},"end":{"line":321,"column":86}},"type":"binary-expr","locations":[{"start":{"line":321,"column":12},"end":{"line":321,"column":35}},{"start":{"line":321,"column":39},"end":{"line":321,"column":63}},{"start":{"line":321,"column":67},"end":{"line":321,"column":86}}]},"34":{"loc":{"start":{"line":331,"column":8},"end":{"line":335,"column":9}},"type":"if","locations":[{"start":{"line":331,"column":8},"end":{"line":335,"column":9}},{"start":{},"end":{}}]},"35":{"loc":{"start":{"line":331,"column":12},"end":{"line":331,"column":62}},"type":"binary-expr","locations":[{"start":{"line":331,"column":12},"end":{"line":331,"column":44}},{"start":{"line":331,"column":48},"end":{"line":331,"column":62}}]},"36":{"loc":{"start":{"line":336,"column":26},"end":{"line":336,"column":100}},"type":"cond-expr","locations":[{"start":{"line":336,"column":50},"end":{"line":336,"column":95}},{"start":{"line":336,"column":98},"end":{"line":336,"column":100}}]},"37":{"loc":{"start":{"line":337,"column":19},"end":{"line":337,"column":48}},"type":"cond-expr","locations":[{"start":{"line":337,"column":40},"end":{"line":337,"column":43}},{"start":{"line":337,"column":46},"end":{"line":337,"column":48}}]},"38":{"loc":{"start":{"line":338,"column":20},"end":{"line":338,"column":88}},"type":"cond-expr","locations":[{"start":{"line":338,"column":80},"end":{"line":338,"column":83}},{"start":{"line":338,"column":86},"end":{"line":338,"column":88}}]},"39":{"loc":{"start":{"line":338,"column":20},"end":{"line":338,"column":77}},"type":"binary-expr","locations":[{"start":{"line":338,"column":20},"end":{"line":338,"column":38}},{"start":{"line":338,"column":42},"end":{"line":338,"column":77}}]},"40":{"loc":{"start":{"line":339,"column":20},"end":{"line":339,"column":63}},"type":"binary-expr","locations":[{"start":{"line":339,"column":20},"end":{"line":339,"column":57}},{"start":{"line":339,"column":61},"end":{"line":339,"column":63}}]},"41":{"loc":{"start":{"line":340,"column":19},"end":{"line":340,"column":80}},"type":"cond-expr","locations":[{"start":{"line":340,"column":40},"end":{"line":340,"column":55}},{"start":{"line":340,"column":58},"end":{"line":340,"column":80}}]},"42":{"loc":{"start":{"line":341,"column":22},"end":{"line":341,"column":62}},"type":"cond-expr","locations":[{"start":{"line":341,"column":45},"end":{"line":341,"column":57}},{"start":{"line":341,"column":60},"end":{"line":341,"column":62}}]},"43":{"loc":{"start":{"line":345,"column":4},"end":{"line":349,"column":5}},"type":"if","locations":[{"start":{"line":345,"column":4},"end":{"line":349,"column":5}},{"start":{},"end":{}}]}},"s":{"0":6,"1":6,"2":6,"3":6,"4":6,"5":6,"6":6,"7":6,"8":6,"9":6,"10":6,"11":6,"12":6,"13":6,"14":6,"15":6,"16":6,"17":6,"18":6,"19":6,"20":6,"21":6,"22":6,"23":6,"24":6,"25":6,"26":6,"27":6,"28":6,"29":6,"30":6,"31":6,"32":6,"33":6,"34":6,"35":6,"36":6,"37":6,"38":6,"39":6,"40":6,"41":6,"42":6,"43":6,"44":1,"45":0,"46":1,"47":1,"48":1,"49":0,"50":1,"51":1,"52":0,"53":0,"54":0,"55":0,"56":0,"57":0,"58":0,"59":0,"60":0,"61":0,"62":0,"63":0,"64":0,"65":0,"66":0,"67":0,"68":0,"69":0,"70":6,"71":6,"72":8,"73":24,"74":8,"75":6,"76":6,"77":0,"78":0,"79":0,"80":0,"81":0,"82":0,"83":0,"84":0,"85":0,"86":0,"87":0,"88":0,"89":0,"90":0,"91":0,"92":0,"93":2,"94":2,"95":0,"96":0,"97":0,"98":47378,"99":92431,"100":0,"101":0,"102":91715,"103":0,"104":0,"105":0,"106":0,"107":0,"108":0,"109":0,"110":0,"111":0,"112":569,"113":24258,"114":23689,"115":569,"116":23689,"117":569,"118":44,"119":0,"120":6,"121":2,"122":34013,"123":34013,"124":0,"125":0,"126":0,"127":0,"128":16,"129":0,"130":0,"131":0,"132":0,"133":0,"134":1,"135":1,"136":1,"137":1,"138":1,"139":88,"140":88,"141":19,"142":1,"143":69,"144":69,"145":69,"146":0,"147":1,"148":1,"149":1,"150":69,"151":49,"152":49,"153":49,"154":69,"155":69,"156":69,"157":69,"158":69,"159":69,"160":69,"161":69,"162":1,"163":1,"164":1,"165":1,"166":1,"167":0},"f":{"0":1,"1":0,"2":0,"3":0,"4":0,"5":0,"6":0,"7":0,"8":0,"9":8,"10":24,"11":8,"12":0,"13":0,"14":0,"15":0,"16":0,"17":0,"18":0,"19":0,"20":0,"21":0,"22":2,"23":0,"24":0,"25":0,"26":47378,"27":92431,"28":0,"29":0,"30":91715,"31":0,"32":0,"33":0,"34":569,"35":24258,"36":23689,"37":569,"38":44,"39":0,"40":6,"41":2,"42":34013,"43":34013,"44":0,"45":16,"46":0,"47":1,"48":1,"49":0},"b":{"0":[0,1],"1":[0,1],"2":[1,1],"3":[1,0],"4":[0,0],"5":[0,0,0],"6":[0,0],"7":[0,0],"8":[0,0],"9":[0,0],"10":[0,0],"11":[0,0],"12":[0,0],"13":[0,0],"14":[0,0],"15":[0,0],"16":[0,0,0],"17":[47378,47378,0,0],"18":[92431,92431,92431],"19":[0,0],"20":[91715,68595],"21":[0,0],"22":[0,0],"23":[0,0],"24":[0,0],"25":[23689,569],"26":[569,569],"27":[0,0],"28":[16,16],"29":[0,0,0],"30":[19,69],"31":[1,18],"32":[19,6],"33":[69,50,14],"34":[49,20],"35":[69,50],"36":[68,1],"37":[39,30],"38":[20,49],"39":[69,39],"40":[69,47],"41":[39,30],"42":[0,69],"43":[1,0]}}
,"/Users/buckyallen/Documents-Local/local-repos/vscode-tree-sitter-dev/server/src/node_types.ts": {"path":"/Users/buckyallen/Documents-Local/local-repos/vscode-tree-sitter-dev/server/src/node_types.ts","statementMap":{"0":{"start":{"line":213,"column":0},"end":{"line":213,"column":16}},"1":{"start":{"line":221,"column":0},"end":{"line":221,"column":16}},"2":{"start":{"line":225,"column":0},"end":{"line":225,"column":16}},"3":{"start":{"line":229,"column":0},"end":{"line":229,"column":16}},"4":{"start":{"line":233,"column":0},"end":{"line":233,"column":16}},"5":{"start":{"line":240,"column":0},"end":{"line":240,"column":16}},"6":{"start":{"line":244,"column":0},"end":{"line":244,"column":16}},"7":{"start":{"line":252,"column":0},"end":{"line":252,"column":16}},"8":{"start":{"line":255,"column":0},"end":{"line":255,"column":16}},"9":{"start":{"line":263,"column":0},"end":{"line":263,"column":16}},"10":{"start":{"line":267,"column":0},"end":{"line":267,"column":16}},"11":{"start":{"line":271,"column":0},"end":{"line":271,"column":16}},"12":{"start":{"line":275,"column":0},"end":{"line":275,"column":16}},"13":{"start":{"line":3,"column":0},"end":{"line":3,"column":null}},"14":{"start":{"line":20,"column":0},"end":{"line":20,"column":null}},"15":{"start":{"line":22,"column":8},"end":{"line":22,"column":108}},"16":{"start":{"line":21,"column":20},"end":{"line":23,"column":null}},"17":{"start":{"line":26,"column":8},"end":{"line":26,"column":51}},"18":{"start":{"line":25,"column":20},"end":{"line":27,"column":null}},"19":{"start":{"line":30,"column":8},"end":{"line":30,"column":92}},"20":{"start":{"line":29,"column":20},"end":{"line":31,"column":null}},"21":{"start":{"line":34,"column":8},"end":{"line":34,"column":81}},"22":{"start":{"line":33,"column":20},"end":{"line":35,"column":null}},"23":{"start":{"line":38,"column":8},"end":{"line":42,"column":10}},"24":{"start":{"line":37,"column":20},"end":{"line":43,"column":null}},"25":{"start":{"line":46,"column":8},"end":{"line":46,"column":28}},"26":{"start":{"line":45,"column":20},"end":{"line":47,"column":null}},"27":{"start":{"line":50,"column":8},"end":{"line":50,"column":27}},"28":{"start":{"line":49,"column":20},"end":{"line":51,"column":null}},"29":{"start":{"line":54,"column":8},"end":{"line":54,"column":27}},"30":{"start":{"line":53,"column":20},"end":{"line":55,"column":null}},"31":{"start":{"line":58,"column":8},"end":{"line":58,"column":27}},"32":{"start":{"line":57,"column":20},"end":{"line":59,"column":null}},"33":{"start":{"line":62,"column":8},"end":{"line":62,"column":35}},"34":{"start":{"line":61,"column":20},"end":{"line":63,"column":null}},"35":{"start":{"line":66,"column":8},"end":{"line":66,"column":64}},"36":{"start":{"line":65,"column":20},"end":{"line":67,"column":null}},"37":{"start":{"line":70,"column":0},"end":{"line":70,"column":null}},"38":{"start":{"line":72,"column":8},"end":{"line":80,"column":9}},"39":{"start":{"line":73,"column":28},"end":{"line":73,"column":44}},"40":{"start":{"line":74,"column":12},"end":{"line":76,"column":13}},"41":{"start":{"line":75,"column":16},"end":{"line":75,"column":28}},"42":{"start":{"line":78,"column":12},"end":{"line":78,"column":33}},"43":{"start":{"line":79,"column":12},"end":{"line":79,"column":71}},"44":{"start":{"line":81,"column":8},"end":{"line":81,"column":18}},"45":{"start":{"line":71,"column":20},"end":{"line":82,"column":null}},"46":{"start":{"line":85,"column":8},"end":{"line":85,"column":37}},"47":{"start":{"line":86,"column":8},"end":{"line":86,"column":38}},"48":{"start":{"line":87,"column":8},"end":{"line":87,"column":37}},"49":{"start":{"line":88,"column":8},"end":{"line":88,"column":32}},"50":{"start":{"line":89,"column":8},"end":{"line":89,"column":28}},"51":{"start":{"line":90,"column":8},"end":{"line":90,"column":40}},"52":{"start":{"line":94,"column":12},"end":{"line":94,"column":29}},"53":{"start":{"line":95,"column":12},"end":{"line":112,"column":13}},"54":{"start":{"line":96,"column":16},"end":{"line":111,"column":17}},"55":{"start":{"line":97,"column":20},"end":{"line":97,"column":45}},"56":{"start":{"line":98,"column":20},"end":{"line":98,"column":43}},"57":{"start":{"line":99,"column":23},"end":{"line":111,"column":17}},"58"
[...]
ons":[{"start":{"line":149,"column":14},"end":{"line":149,"column":70}},{"start":{"line":150,"column":14},"end":{"line":150,"column":47}}]},"33":{"loc":{"start":{"line":162,"column":8},"end":{"line":166,"column":9}},"type":"if","locations":[{"start":{"line":162,"column":8},"end":{"line":166,"column":9}},{"start":{"line":164,"column":15},"end":{"line":166,"column":9}}]},"34":{"loc":{"start":{"line":164,"column":15},"end":{"line":166,"column":9}},"type":"if","locations":[{"start":{"line":164,"column":15},"end":{"line":166,"column":9}},{"start":{},"end":{}}]},"35":{"loc":{"start":{"line":160,"column":10},"end":{"line":160,"column":null}},"type":"binary-expr","locations":[{"start":{"line":160,"column":10},"end":{"line":160,"column":21}},{"start":{"line":160,"column":10},"end":{"line":160,"column":null}}]},"36":{"loc":{"start":{"line":173,"column":4},"end":{"line":175,"column":5}},"type":"if","locations":[{"start":{"line":173,"column":4},"end":{"line":175,"column":5}},{"start":{},"end":{}}]},"37":{"loc":{"start":{"line":179,"column":30},"end":{"line":179,"column":78}},"type":"cond-expr","locations":[{"start":{"line":179,"column":38},"end":{"line":179,"column":57}},{"start":{"line":179,"column":60},"end":{"line":179,"column":78}}]},"38":{"loc":{"start":{"line":181,"column":4},"end":{"line":185,"column":5}},"type":"if","locations":[{"start":{"line":181,"column":4},"end":{"line":185,"column":5}},{"start":{},"end":{}}]},"39":{"loc":{"start":{"line":182,"column":15},"end":{"line":184,"column":77}},"type":"cond-expr","locations":[{"start":{"line":183,"column":14},"end":{"line":183,"column":23}},{"start":{"line":184,"column":14},"end":{"line":184,"column":77}}]},"40":{"loc":{"start":{"line":188,"column":4},"end":{"line":191,"column":5}},"type":"if","locations":[{"start":{"line":188,"column":4},"end":{"line":191,"column":5}},{"start":{},"end":{}}]},"41":{"loc":{"start":{"line":188,"column":8},"end":{"line":188,"column":32}},"type":"binary-expr","locations":[{"start":{"line":188,"column":8},"end":{"line":188,"column":18}},{"start":{"line":188,"column":22},"end":{"line":188,"column":32}}]},"42":{"loc":{"start":{"line":189,"column":18},"end":{"line":189,"column":37}},"type":"cond-expr","locations":[{"start":{"line":189,"column":26},"end":{"line":189,"column":31}},{"start":{"line":189,"column":34},"end":{"line":189,"column":37}}]},"43":{"loc":{"start":{"line":193,"column":30},"end":{"line":193,"column":62}},"type":"binary-expr","locations":[{"start":{"line":193,"column":30},"end":{"line":193,"column":56}},{"start":{"line":193,"column":60},"end":{"line":193,"column":62}}]},"44":{"loc":{"start":{"line":194,"column":4},"end":{"line":199,"column":5}},"type":"if","locations":[{"start":{"line":194,"column":4},"end":{"line":199,"column":5}},{"start":{},"end":{}}]},"45":{"loc":{"start":{"line":195,"column":29},"end":{"line":197,"column":30}},"type":"cond-expr","locations":[{"start":{"line":196,"column":14},"end":{"line":196,"column":30}},{"start":{"line":197,"column":14},"end":{"line":197,"column":30}}]},"46":{"loc":{"start":{"line":200,"column":4},"end":{"line":205,"column":5}},"type":"if","locations":[{"start":{"line":200,"column":4},"end":{"line":205,"column":5}},{"start":{},"end":{}}]},"47":{"loc":{"start":{"line":200,"column":8},"end":{"line":200,"column":43}},"type":"binary-expr","locations":[{"start":{"line":200,"column":8},"end":{"line":200,"column":19}},{"start":{"line":200,"column":23},"end":{"line":200,"column":43}}]},"48":{"loc":{"start":{"line":201,"column":34},"end":{"line":203,"column":30}},"type":"cond-expr","locations":[{"start":{"line":202,"column":14},"end":{"line":202,"column":32}},{"start":{"line":203,"column":14},"end":{"line":203,"column":30}}]},"49":{"loc":{"start":{"line":209,"column":4},"end":{"line":218,"column":5}},"type":"switch","locations":[{"start":{"line":210,"column":8},"end":{"line":210,"column":26}},{"start":{"line":211,"column":8},"end":{"line":212,"column":29}},{"start":{"line":213,"column":8},"end":{"line":213,"column":20}},{"start":{"line":214,"column":8},"end":{"line":215,"column":86}},{"start":{"line":216,"column":8},"end":{"line":217,"column":22}}]}},"s":{"0":1,"1":1,"2":1,"3":1,"4":0,"5":0,"6":0,"7":0,"8":0,"9":0,"10":0,"11":0,"12":0,"13":0,"14":0,"15":0,"16":0,"17":0,"18":0,"19":0,"20":1,"21":1,"22":0,"23":0,"24":0,"25":0,"26":0,"27":0,"28":0,"29":0,"30":0,"31":0,"32":0,"33":0,"34":0,"35":0,"36":0,"37":0,"38":0,"39":0,"40":0,"41":0,"42":0,"43":0,"44":0,"45":0,"46":0,"47":0,"48":0,"49":0,"50":0,"51":0,"52":0,"53":0,"54":0,"55":0,"56":0,"57":0,"58":0,"59":0,"60":0,"61":0,"62":0,"63":0,"64":0,"65":0,"66":0,"67":0,"68":0,"69":0,"70":0,"71":0,"72":0,"73":0,"74":0,"75":0,"76":0,"77":0,"78":0,"79":0,"80":1,"81":0,"82":0,"83":0,"84":0,"85":1,"86":0,"87":0,"88":0,"89":0,"90":0,"91":0,"92":0,"93":0,"94":0,"95":0,"96":0,"97":0,"98":0,"99":0,"100":0,"101":0,"102":0,"103":0,"104":0,"105":0,"106":0,"107":0,"108":0,"109":0},"f":{"0":0,"1":0,"2":0,"3":0,"4":0,"5":0,"6":0,"7":0,"8":0,"9":0,"10":0,"11":1,"12":0,"13":0,"14":0},"b":{"0":[0,0],"1":[0,0],"2":[0,0],"3":[0,0],"4":[0,0,0,0,0,0,0],"5":[0,0,0,0,0],"6":[0,0],"7":[0,0],"8":[0,0],"9":[0,0],"10":[0,0],"11":[0,0],"12":[0,0],"13":[0,0],"14":[0,0],"15":[0,0],"16":[0,0],"17":[0,0],"18":[0,0],"19":[0,0],"20":[0,0],"21":[0,0],"22":[0,0],"23":[0,0],"24":[0,0],"25":[0,0],"26":[0,0],"27":[0,0],"28":[0,0],"29":[0,0],"30":[0,0],"31":[0,0],"32":[0,0],"33":[0,0],"34":[0,0],"35":[1,1],"36":[0,0],"37":[0,0],"38":[0,0],"39":[0,0],"40":[0,0],"41":[0,0],"42":[0,0],"43":[0,0],"44":[0,0],"45":[0,0],"46":[0,0],"47":[0,0],"48":[0,0],"49":[0,0,0,0,0]}}
,"/Users/buckyallen/Documents-Local/local-repos/vscode-tree-sitter-dev/server/src/lints/SingularMatchLint.ts": {"path":"/Users/buckyallen/Documents-Local/local-repos/vscode-tree-sitter-dev/server/src/lints/SingularMatchLint.ts","statementMap":{"0":{"start":{"line":4,"column":0},"end":{"line":4,"column":46}},"1":{"start":{"line":13,"column":8},"end":{"line":13,"column":55}},"2":{"start":{"line":16,"column":23},"end":{"line":16,"column":55}},"3":{"start":{"line":19,"column":8},"end":{"line":19,"column":52}},"4":{"start":{"line":25,"column":8},"end":{"line":25,"column":100}},"5":{"start":{"line":29,"column":8},"end":{"line":29,"column":52}},"6":{"start":{"line":33,"column":8},"end":{"line":36,"column":34}},"7":{"start":{"line":40,"column":8},"end":{"line":40,"column":74}},"8":{"start":{"line":9,"column":0},"end":{"line":9,"column":22}},"9":{"start":{"line":17,"column":11},"end":{"line":17,"column":57}}},"fnMap":{"0":{"name":"(anonymous_0)","decl":{"start":{"line":12,"column":4},"end":{"line":12,"column":8}},"loc":{"start":{"line":12,"column":13},"end":{"line":14,"column":5}}},"1":{"name":"(anonymous_1)","decl":{"start":{"line":16,"column":4},"end":{"line":16,"column":23}},"loc":{"start":{"line":16,"column":55},"end":{"line":16,"column":59}}},"2":{"name":"(anonymous_2)","decl":{"start":{"line":18,"column":4},"end":{"line":18,"column":10}},"loc":{"start":{"line":18,"column":64},"end":{"line":20,"column":5}}},"3":{"name":"(anonymous_3)","decl":{"start":{"line":24,"column":4},"end":{"line":24,"column":15}},"loc":{"start":{"line":24,"column":33},"end":{"line":26,"column":5}}},"4":{"name":"(anonymous_4)","decl":{"start":{"line":28,"column":4},"end":{"line":28,"column":17}},"loc":{"start":{"line":28,"column":39},"end":{"line":30,"column":5}}},"5":{"name":"(anonymous_5)","decl":{"start":{"line":32,"column":4},"end":{"line":32,"column":15}},"loc":{"start":{"line":32,"column":37},"end":{"line":37,"column":5}}},"6":{"name":"(anonymous_6)","decl":{"start":{"line":39,"column":4},"end":{"line":39,"column":31}},"loc":{"start":{"line":39,"column":53},"end":{"line":41,"column":5}}}},"branchMap":{"0":{"loc":{"start":{"line":25,"column":15},"end":{"line":25,"column":99}},"type":"binary-expr","locations":[{"start":{"line":25,"column":15},"end":{"line":25,"column":48}},{"start":{"line":25,"column":52},"end":{"line":25,"column":99}}]}},"s":{"0":1,"1":40,"2":12,"3":0,"4":19,"5":0,"6":12,"7":0,"8":1,"9":1},"f":{"0":40,"1":12,"2":0,"3":19,"4":0,"5":12,"6":0},"b":{"0":[19,19]}}
,"/Users/buckyallen/Documents-Local/local-repos/vscode-tree-sitter-dev/server/src/lints/all.ts": {"path":"/Users/buckyallen/Documents-Local/local-repos/vscode-tree-sitter-dev/server/src/lints/all.ts","statementMap":{"0":{"start":{"line":1,"column":0},"end":{"line":1,"column":9}},"1":{"start":{"line":1,"column":9},"end":{"line":1,"column":40}},"2":{"start":{"line":3,"column":0},"end":{"line":3,"column":26}}},"fnMap":{"0":{"name":"(anonymous_4)","decl":{"start":{"line":1,"column":9},"end":{"line":1,"column":18}},"loc":{"start":{"line":1,"column":9},"end":{"line":1,"column":40}}}},"branchMap":{},"s":{"0":1,"1":2,"2":1},"f":{"0":1},"b":{}}
,"/Users/buckyallen/Documents-Local/local-repos/vscode-tree-sitter-dev/server/src/lints/index.ts": {"path":"/Users/buckyallen/Documents-Local/local-repos/vscode-tree-sitter-dev/server/src/lints/index.ts","statementMap":{"0":{"start":{"line":12,"column":0},"end":{"line":12,"column":16}},"1":{"start":{"line":5,"column":0},"end":{"line":5,"column":30}},"2":{"start":{"line":6,"column":0},"end":{"line":6,"column":22}},"3":{"start":{"line":7,"column":13},"end":{"line":7,"column":39}},"4":{"start":{"line":8,"column":13},"end":{"line":8,"column":57}},"5":{"start":{"line":8,"column":42},"end":{"line":8,"column":55}},"6":{"start":{"line":13,"column":40},"end":{"line":13,"column":42}},"7":{"start":{"line":14,"column":18},"end":{"line":14,"column":59}},"8":{"start":{"line":15,"column":4},"end":{"line":15,"column":97}},"9":{"start":{"line":15,"column":46},"end":{"line":15,"column":94}},"10":{"start":{"line":16,"column":4},"end":{"line":16,"column":23}}},"fnMap":{"0":{"name":"(anonymous_4)","decl":{"start":{"line":8,"column":34},"end":{"line":8,"column":38}},"loc":{"start":{"line":8,"column":42},"end":{"line":8,"column":55}}},"1":{"name":"lintAll","decl":{"start":{"line":12,"column":16},"end":{"line":12,"column":23}},"loc":{"start":{"line":12,"column":95},"end":{"line":17,"column":1}}},"2":{"name":"(anonymous_6)","decl":{"start":{"line":15,"column":36},"end":{"line":15,"column":42}},"loc":{"start":{"line":15,"column":46},"end":{"line":15,"column":94}}}},"branchMap":{},"s":{"0":1,"1":1,"2":1,"3":1,"4":1,"5":8,"6":0,"7":0,"8":0,"9":0,"10":0},"f":{"0":8,"1":0,"2":0},"b":{}}
,"/Users/buckyallen/Documents-Local/local-repos/vscode-tree-sitter-dev/server/src/lints/nominal.ts": {"path":"/Users/buckyallen/Documents-Local/local-repos/vscode-tree-sitter-dev/server/src/lints/nominal.ts","statementMap":{"0":{"start":{"line":3,"column":0},"end":{"line":3,"column":45}},"1":{"start":{"line":4,"column":0},"end":{"line":4,"column":65}},"2":{"start":{"line":5,"column":0},"end":{"line":5,"column":69}},"3":{"start":{"line":6,"column":0},"end":{"line":6,"column":93}},"4":{"start":{"line":7,"column":0},"end":{"line":7,"column":56}},"5":{"start":{"line":12,"column":8},"end":{"line":18,"column":15}},"6":{"start":{"line":13,"column":31},"end":{"line":13,"column":67}},"7":{"start":{"line":14,"column":28},"end":{"line":14,"column":40}},"8":{"start":{"line":16,"column":37},"end":{"line":16,"column":61}},"9":{"start":{"line":17,"column":16},"end":{"line":17,"column":69}},"10":{"start":{"line":21,"column":41},"end":{"line":21,"column":77}},"11":{"start":{"line":22,"column":8},"end":{"line":29,"column":9}},"12":{"start":{"line":24,"column":16},"end":{"line":24,"column":37}},"13":{"start":{"line":26,"column":16},"end":{"line":26,"column":37}},"14":{"start":{"line":28,"column":16},"end":{"line":28,"column":27}},"15":{"start":{"line":9,"column":0},"end":{"line":9,"column":13}},"16":{"start":{"line":10,"column":11},"end":{"line":10,"column":52}},"17":{"start":{"line":36,"column":32},"end":{"line":36,"column":58}},"18":{"start":{"line":37,"column":8},"end":{"line":39,"column":9}},"19":{"start":{"line":38,"column":12},"end":{"line":38,"column":19}},"20":{"start":{"line":40,"column":46},"end":{"line":44,"column":24}},"21":{"start":{"line":43,"column":25},"end":{"line":43,"column":34}},"22":{"start":{"line":45,"column":30},"end":{"line":45,"column":113}},"23":{"start":{"line":46,"column":8},"end":{"line":46,"column":53}},"24":{"start":{"line":33,"column":0},"end":{"line":33,"column":13}},"25":{"start":{"line":34,"column":11},"end":{"line":34,"column":53}},"26":{"start":{"line":53,"column":41},"end":{"line":53,"column":67}},"27":{"start":{"line":54,"column":8},"end":{"line":56,"column":9}},"28":{"start":{"line":55,"column":12},"end":{"line":55,"column":61}},"29":{"start":{"line":50,"column":0},"end":{"line":50,"column":13}},"30":{"start":{"line":51,"column":11},"end":{"line":51,"column":49}},"31":{"start":{"line":62,"column":41},"end":{"line":62,"column":67}},"32":{"start":{"line":63,"column":8},"end":{"line":65,"column":9}},"33":{"start":{"line":64,"column":12},"end":{"line":64,"column":37}},"34":{"start":{"line":59,"column":0},"end":{"line":59,"column":13}},"35":{"start":{"line":60,"column":11},"end":{"line":60,"column":49}},"36":{"start":{"line":71,"column":41},"end":{"line":71,"column":67}},"37":{"start":{"line":72,"column":8},"end":{"line":75,"column":9}},"38":{"start":{"line":73,"column":37},"end":{"line":73,"column":90}},"39":{"start":{"line":74,"column":12},"end":{"line":74,"column":65}},"40":{"start":{"line":68,"column":0},"end":{"line":68,"column":13}},"41":{"start":{"line":69,"column":11},"end":{"line":69,"column":51}},"42":{"start":{"line":82,"column":8},"end":{"line":82,"column":59}},"43":{"start":{"line":83,"column":41},"end":{"line":83,"column":102}},"44":{"start":{"line":84,"column":41},"end":{"line":84,"column":102}},"45":{"start":{"line":85,"column":42},"end":{"line":85,"column":104}},"46":{"start":{"line":86,"column":8},"end":{"line":88,"column":9}},"47":{"start":{"line":87,"column":12},"end":{"line":87,"column":19}},"48":{"start":{"line":89,"column":22},"end":{"line":89,"column":55}},"49":{"start":{"line":90,"column":8},"end":{"line":90,"column":55}},"50":{"start":{"line":79,"column":0},"end":{"line":79,"column":13}},"51":{"start":{"line":80,"column":11},"end":{"line":80,"column":49}},"52":{"start":{"line":114,"column":45},"end":{"line":114,"column":124}},"53":{"start":{"line":114,"column":78},"end":{"line":114,"column":111}},"54":{"start":{"line":115,"column":42},"end":{"line":115,"column":83}},"55":{"start":{"line":116,"column":8},"end":{"line":118,"column":9}},"56":{"start":{"line":117,"column":12},"end":{"line":117,"column":86}},"57":{"start":{"line":94,"column":0},"end":{"line":94,"column":13}},"58":{"start":{"line":95,"column":11},"end":{"line":95,"column":48}},"59":{"start":{"line":96,"column":20},"end":{"line":110,"column":15}}},"fnMap":{"0":{"name":"(anonymous_0)","decl":{"start":{"line":11,"column":4},"end":{"line":11,"column":13}},"loc":{"start":{"line":11,"column":31},"end":{"line":19,"column":5}}},"1":{"name":"(anonymous_1)","decl":{"start":{"line":13,"column":20},"end":{"line":13,"column":27}},"loc":{"start":{"line":13,"column":31},"end":{"line":13,"column":67}}},"2":{"name":"(anonymous_2)","decl":{"start":{"line":14,"column":17},"end":{"line":14,"column":24}},"loc":{"start":{"line":14,"column":28},"end":{"line":14,"column":40}}},"3":{"name":"(anonymous_3)","decl":{"start":{"line":15,"column":17},"end":{"line":15,"column":21}},"loc":{"start":{"line":15,"column":24},"end":{"line":18,"column":13}}},"4":{"name":"(anonymous_4)","decl":{"start":{"line":20,"column":4},"end":{"line":20,"column":17}},"loc":{"start":{"line":20,"column":30},"end":{"line":30,"column":5}}},"5":{"name":"(anonymous_5)","decl":{"start":{"line":35,"column":4},"end":{"line":35,"column":13}},"loc":{"start":{"line":35,"column":31},"end":{"line":47,"column":5}}},"6":{"name":"(anonymous_6)","decl":{"start":{"line":43,"column":20},"end":{"line":43,"column":21}},"loc":{"start":{"line":43,"column":25},"end":{"line":43,"column":34}}},"7":{"name":"(anonymous_7)","decl":{"start":{"line":52,"column":4},"end":{"line":52,"column":13}},"loc":{"start":{"line":52,"column":31},"end":{"line":57,"column":5}}},"8":{"name":"(anonymous_8)","decl":{"start":{"line":61,"column":4},"end":{"line":61,"column":13}},"loc":{"start":{"line":61,"column":31},"end":{"line":66,"column":5}}},"9":{"name":"(anonymous_9)","decl":{"start":{"line":70,"column":4},"end":{"line":70,"column":13}},"loc":{"start":{"line":70,"column":31},"end":{"line":76,"column":5}}},"10":{"name":"(anonymous_10)","decl":{"start":{"line":81,"column":4},"end":{"line":81,"column":13}},"loc":{"start":{"line":81,"column":31},"end":{"line":91,"column":5}}},"11":{"name":"(anonymous_11)","decl":{"start":{"line":112,"column":4},"end":{"line":112,"column":13}},"loc":{"start":{"line":112,"column":31},"end":{"line":119,"column":5}}},"12":{"name":"(anonymous_12)","decl":{"start":{"line":114,"column":67},"end":{"line":114,"column":74}},"loc":{"start":{"line":114,"column":78},"end":{"line":114,"column":111}}}},"branchMap":{"0":{"loc":{"start":{"line":22,"column":8},"end":{"line":29,"column":9}},"type":"switch","locations":[{"start":{"line":23,"column":12},"end":{"line":24,"column":37}},{"start":{"line":25,"column":12},"end":{"line":26,"column":37}},{"start":{"line":27,"column":12},"end":{"line":28,"column":27}}]},"1":{"loc":{"start":{"line":37,"column":8},"end":{"line":39,"column":9}},"type":"if","locations":[{"start":{"line":37,"column":8},"end":{"line":39,"column":9}},{"start":{},"end":{}}]},"2":{"loc":{"start":{"line":45,"column":30},"end":{"line":45,"column":113}},"type":"cond-expr","locations":[{"start":{"line":45,"column":43},"end":{"line":45,"column":64}},{"start":{"line":45,"column":67},"end":{"line":45,"column":113}}]},"3":{"loc":{"start":{"line":54,"column":8},"end":{"line":56,"column":9}},"type":"if","locations":[{"start":{"line":54,"column":8},"end":{"line":56,"column":9}},{"start":{},"end":{}}]},"4":{"loc":{"start":{"line":63,"column":8},"end":{"line":65,"column":9}},"type":"if","locations":[{"start":{"line":63,"column":8},"end":{"line":65,"column":9}},{"start":{},"end":{}}]},"5":{"loc":{"start":{"line":72,"column":8},"end":{"line":75,"column":9}},"type":"if","locations":[{"start":{"line":72,"column":8},"end":{"line":75,"column":9}},{"start":{},"end":{}}]},"6":{"loc":{"start":{"line":73,"column":37},"end":{"line":73,"column":90}},"type":"binary-expr","locations":[{"start":{"line":73,"column":37},"end":{"line":73,"column":73}},{"start":{"line":73,"column":77},"end":{"line":73,"column":90}}]},"7":{"loc":{"start":{"line":86,"column":8},"end":{"line":88,"column":9}},"type":"if","locations":[{"start":{"line":86,"column":8},"end":{"line":88,"column":9}},{"start":{},"end":{}}]},"8":{"loc":{"start":{"line":86,"column":12},"end":{"line":86,"column":71}},"type":"binary-expr","locations":[{"start":{"line":86,"column":12},"end":{"line":86,"column":17}},{"start":{"line":86,"column":21},"end":{"line":86,"column":27}},{"start":{"line":86,"column":32},"end":{"line":86,"column":47}},{"start":{"line":86,"column":51},"end":{"line":86,"column":70}}]},"9":{"loc":{"start":{"line":116,"column":8},"end":{"line":118,"column":9}},"type":"if","locations":[{"start":{"line":116,"column":8},"end":{"line":118,"column":9}},{"start":{},"end":{}}]},"10":{"loc":{"start":{"line":116,"column":12},"end":{"line":116,"column":65}},"type":"binary-expr","locations":[{"start":{"line":116,"column":12},"end":{"line":116,"column":18}},{"start":{"line":116,"column":22},"end":{"line":116,"column":65}}]}},"s":{"0":1,"1":1,"2":1,"3":1,"4":1,"5":2,"6":2,"7":2,"8":2,"9":2,"10":2,"11":2,"12":1,"13":1,"14":0,"15":1,"16":1,"17":1,"18":1,"19":0,"20":1,"21":2,"22":1,"23":1,"24":1,"25":1,"26":3,"27":3,"28":3,"29":1,"30":1,"31":0,"32":0,"33":0,"34":1,"35":1,"36":0,"37":0,"38":0,"39":0,"40":1,"41":1,"42":2,"43":2,"44":2,"45":2,"46":2,"47":0,"48":2,"49":2,"50":1,"51":1,"52":0,"53":0,"54":0,"55":0,"56":0,"57":1,"58":1,"59":1},"f":{"0":2,"1":2,"2":2,"3":2,"4":2,"5":1,"6":2,"7":3,"8":0,"9":0,"10":2,"11":0,"12":0},"b":{"0":[1,1,0],"1":[0,1],"2":[0,1],"3":[3,0],"4":[0,0],"5":[0,0],"6":[0,0],"7":[0,2],"8":[2,2,2,1],"9":[0,0],"10":[0,0]}}
}
