TN:
SF:server/__tests__/NODE_TYPES.ts
FNF:0
FNH:0
DA:3,2
DA:499,2
LF:2
LH:2
BRF:0
BRH:0
end_of_record
TN:
SF:server/src/Dict.ts
FN:8,(anonymous_0)
FN:12,(anonymous_1)
FN:16,(anonymous_2)
FN:23,(anonymous_3)
FN:29,(anonymous_4)
FN:35,(anonymous_5)
FN:44,(anonymous_6)
FN:53,(anonymous_7)
FN:57,(anonymous_8)
FN:61,(anonymous_9)
FN:62,(anonymous_10)
FN:66,(anonymous_11)
FNF:12
FNH:4
FNDA:1,(anonymous_0)
FNDA:0,(anonymous_1)
FNDA:0,(anonymous_2)
FNDA:81,(anonymous_3)
FNDA:0,(anonymous_4)
FNDA:0,(anonymous_5)
FNDA:0,(anonymous_6)
FNDA:181,(anonymous_7)
FNDA:2,(anonymous_8)
FNDA:0,(anonymous_9)
FNDA:0,(anonymous_10)
FNDA:0,(anonymous_11)
DA:7,4
DA:9,1
DA:13,0
DA:20,0
DA:24,81
DA:25,172
DA:30,0
DA:31,0
DA:36,0
DA:37,0
DA:38,0
DA:41,0
DA:45,0
DA:46,0
DA:47,0
DA:50,0
DA:54,181
DA:58,2
DA:62,0
DA:63,0
DA:67,0
LF:21
LH:6
BRDA:37,0,0,0
BRDA:37,0,1,0
BRDA:46,1,0,0
BRDA:46,1,1,0
BRF:4
BRH:0
end_of_record
TN:
SF:server/src/TypeEnvironment.ts
FN:16,(anonymous_0)
FN:24,(anonymous_1)
FN:27,(anonymous_2)
FN:31,(anonymous_3)
FN:34,(anonymous_4)
FN:35,(anonymous_5)
FN:36,(anonymous_6)
FN:41,(anonymous_7)
FN:45,(anonymous_8)
FN:49,(anonymous_9)
FN:53,(anonymous_10)
FN:57,(anonymous_11)
FN:61,(anonymous_12)
FN:65,(anonymous_13)
FN:68,(anonymous_14)
FN:72,(anonymous_15)
FN:77,(anonymous_16)
FN:78,(anonymous_17)
FN:87,(anonymous_18)
FNF:19
FNH:10
FNDA:14,(anonymous_0)
FNDA:12,(anonymous_1)
FNDA:2,(anonymous_2)
FNDA:2,(anonymous_3)
FNDA:127,(anonymous_4)
FNDA:181,(anonymous_5)
FNDA:181,(anonymous_6)
FNDA:0,(anonymous_7)
FNDA:0,(anonymous_8)
FNDA:0,(anonymous_9)
FNDA:0,(anonymous_10)
FNDA:20,(anonymous_11)
FNDA:4,(anonymous_12)
FNDA:0,(anonymous_13)
FNDA:0,(anonymous_14)
FNDA:0,(anonymous_15)
FNDA:0,(anonymous_16)
FNDA:0,(anonymous_17)
FNDA:5,(anonymous_18)
DA:2,2
DA:3,2
DA:4,2
DA:5,2
DA:6,2
DA:7,2
DA:15,2
DA:17,14
DA:18,14
DA:19,14
DA:20,14
DA:21,14
DA:25,12
DA:28,2
DA:29,2
DA:32,2
DA:33,2
DA:34,127
DA:35,181
DA:36,181
DA:38,2
DA:42,0
DA:46,0
DA:50,0
DA:54,0
DA:58,20
DA:62,4
DA:66,0
DA:68,0
DA:73,0
DA:74,0
DA:75,0
DA:77,0
DA:78,0
DA:79,0
DA:80,0
DA:88,5
LF:37
LH:24
BRDA:42,0,0,0
BRDA:42,0,1,0
BRDA:42,0,2,0
BRDA:74,1,0,0
BRDA:74,1,1,0
BRDA:79,2,0,0
BRDA:79,2,1,0
BRDA:79,3,0,0
BRDA:79,3,1,0
BRDA:88,4,0,5
BRDA:88,4,1,0
BRF:11
BRH:1
end_of_record
TN:
SF:server/src/completions.ts
FN:52,(anonymous_0)
FN:58,(anonymous_1)
FN:73,code
FN:77,markupCode
FN:81,nodeDocumentation
FN:88,signatureQuantifier
FN:104,(anonymous_6)
FN:117,isStringy
FN:121,isCommenty
FN:139,(anonymous_9)
FN:140,is
FN:145,terminalNode
FN:156,(anonymous_12)
FN:157,is
FN:162,enclosingNode
FN:189,(anonymous_15)
FN:198,fromTree
FN:217,fromNode
FN:289,(anonymous_18)
FN:308,(anonymous_19)
FN:327,(anonymous_20)
FN:354,(anonymous_21)
FN:375,(anonymous_22)
FN:468,lineageFromRoot
FN:472,lineageFromTerminal
FN:480,ascendAncestors
FN:489,closestAncestorNodeOfTypes
FN:498,closestAncestorNodeOfType
FN:507,isOnlyInstanceOfCaptureName
FNF:29
FNH:6
FNDA:32,(anonymous_0)
FNDA:6,(anonymous_1)
FNDA:0,code
FNDA:0,markupCode
FNDA:0,nodeDocumentation
FNDA:0,signatureQuantifier
FNDA:2,(anonymous_6)
FNDA:0,isStringy
FNDA:0,isCommenty
FNDA:2,(anonymous_9)
FNDA:0,is
FNDA:0,terminalNode
FNDA:2,(anonymous_12)
FNDA:0,is
FNDA:0,enclosingNode
FNDA:2,(anonymous_15)
FNDA:0,fromTree
FNDA:0,fromNode
FNDA:0,(anonymous_18)
FNDA:0,(anonymous_19)
FNDA:0,(anonymous_20)
FNDA:0,(anonymous_21)
FNDA:0,(anonymous_22)
FNDA:0,lineageFromRoot
FNDA:0,lineageFromTerminal
FNDA:0,ascendAncestors
FNDA:0,closestAncestorNodeOfTypes
FNDA:0,closestAncestorNodeOfType
FNDA:0,isOnlyInstanceOfCaptureName
DA:1,2
DA:4,2
DA:9,2
DA:17,2
DA:23,2
DA:29,2
DA:52,2
DA:53,32
DA:56,2
DA:58,2
DA:59,6
DA:62,2
DA:70,2
DA:71,2
DA:73,2
DA:74,0
DA:77,2
DA:78,0
DA:81,2
DA:82,0
DA:83,0
DA:84,0
DA:85,0
DA:88,2
DA:89,0
DA:91,0
DA:93,0
DA:95,0
DA:97,0
DA:99,0
DA:100,0
DA:104,2
DA:105,2
DA:106,2
DA:107,2
DA:108,2
DA:109,2
DA:110,2
DA:111,2
DA:112,2
DA:115,2
DA:117,2
DA:118,0
DA:121,2
DA:122,0
DA:125,2
DA:139,2
DA:140,2
DA:141,0
DA:146,0
DA:147,0
DA:148,0
DA:153,2
DA:156,2
DA:157,2
DA:158,0
DA:163,0
DA:164,0
DA:165,0
DA:189,2
DA:190,2
DA:191,2
DA:192,2
DA:193,2
DA:198,2
DA:199,0
DA:200,0
DA:201,0
DA:203,0
DA:204,0
DA:205,0
DA:212,0
DA:214,0
DA:217,2
DA:220,0
DA:221,0
DA:222,0
DA:229,0
DA:232,0
DA:233,0
DA:234,0
DA:235,0
DA:238,0
DA:239,0
DA:242,0
DA:243,0
DA:244,0
DA:248,0
DA:250,0
DA:252,0
DA:254,0
DA:260,0
DA:261,0
DA:266,0
DA:274,0
DA:280,0
DA:286,0
DA:287,0
DA:289,0
DA:291,0
DA:295,0
DA:297,0
DA:306,0
DA:308,0
DA:310,0
DA:311,0
DA:314,0
DA:316,0
DA:325,0
DA:327,0
DA:329,0
DA:330,0
DA:332,0
DA:336,0
DA:337,0
DA:342,0
DA:352,0
DA:354,0
DA:356,0
DA:360,0
DA:362,0
DA:370,0
DA:373,0
DA:375,0
DA:377,0
DA:384,0
DA:387,0
DA:388,0
DA:394,0
DA:398,0
DA:401,0
DA:402,0
DA:407,0
DA:415,0
DA:416,0
DA:417,0
DA:419,0
DA:420,0
DA:421,0
DA:422,0
DA:428,0
DA:457,0
DA:460,0
DA:462,0
DA:463,0
DA:468,2
DA:469,0
DA:472,2
DA:473,0
DA:474,0
DA:475,0
DA:476,0
DA:478,0
DA:480,2
DA:481,0
DA:482,0
DA:483,0
DA:484,0
DA:486,0
DA:489,2
DA:490,0
DA:491,0
DA:492,0
DA:495,0
DA:498,2
DA:499,0
DA:500,0
DA:501,0
DA:504,0
DA:507,2
DA:508,0
LF:171
LH:49
BRDA:89,0,0,0
BRDA:89,0,1,0
BRDA:89,0,2,0
BRDA:89,0,3,0
BRDA:89,0,4,0
BRDA:104,1,0,2
BRDA:104,1,1,2
BRDA:118,2,0,0
BRDA:118,2,1,0
BRDA:122,3,0,0
BRDA:122,3,1,0
BRDA:139,4,0,2
BRDA:139,4,1,2
BRDA:147,5,0,0
BRDA:147,5,1,0
BRDA:156,6,0,2
BRDA:156,6,1,2
BRDA:164,7,0,0
BRDA:164,7,1,0
BRDA:200,8,0,0
BRDA:200,8,1,0
BRDA:200,9,0,0
BRDA:200,9,1,0
BRDA:204,10,0,0
BRDA:204,10,1,0
BRDA:221,11,0,0
BRDA:221,11,1,0
BRDA:233,12,0,0
BRDA:233,12,1,0
BRDA:233,13,0,0
BRDA:233,13,1,0
BRDA:238,14,0,0
BRDA:238,14,1,0
BRDA:244,15,0,0
BRDA:244,15,1,0
BRDA:244,15,2,0
BRDA:244,15,3,0
BRDA:244,15,4,0
BRDA:244,15,5,0
BRDA:244,15,6,0
BRDA:244,15,7,0
BRDA:244,15,8,0
BRDA:244,15,9,0
BRDA:244,15,10,0
BRDA:244,15,11,0
BRDA:244,15,12,0
BRDA:244,15,13,0
BRDA:244,15,14,0
BRDA:244,15,15,0
BRDA:244,15,16,0
BRDA:244,15,17,0
BRDA:244,15,18,0
BRDA:244,15,19,0
BRDA:244,15,20,0
BRDA:244,15,21,0
BRDA:244,15,22,0
BRDA:244,15,23,0
BRDA:244,15,24,0
BRDA:244,15,25,0
BRDA:244,15,26,0
BRDA:244,15,27,0
BRDA:244,15,28,0
BRDA:244,15,29,0
BRDA:244,15,30,0
BRDA:244,15,31,0
BRDA:244,15,32,0
BRDA:244,15,33,0
BRDA:244,15,34,0
BRDA:244,15,35,0
BRDA:244,15,36,0
BRDA:244,15,37,0
BRDA:244,15,38,0
BRDA:244,15,39,0
BRDA:244,15,40,0
BRDA:244,15,41,0
BRDA:244,15,42,0
BRDA:244,15,43,0
BRDA:244,15,44,0
BRDA:244,15,45,0
BRDA:260,16,0,0
BRDA:260,16,1,0
BRDA:286,17,0,0
BRDA:286,17,1,0
BRDA:295,18,0,0
BRDA:295,18,1,0
BRDA:295,19,0,0
BRDA:295,19,1,0
BRDA:310,20,0,0
BRDA:310,20,1,0
BRDA:329,21,0,0
BRDA:329,21,1,0
BRDA:336,22,0,0
BRDA:336,22,1,0
BRDA:360,23,0,0
BRDA:360,23,1,0
BRDA:360,24,0,0
BRDA:360,24,1,0
BRDA:387,25,0,0
BRDA:387,25,1,0
BRDA:401,26,0,0
BRDA:401,26,1,0
BRDA:416,27,0,0
BRDA:416,27,1,0
BRDA:420,28,0,0
BRDA:420,28,1,0
BRDA:421,29,0,0
BRDA:421,29,1,0
BRDA:189,30,0,2
BRDA:189,30,1,2
BRDA:491,31,0,0
BRDA:491,31,1,0
BRDA:500,32,0,0
BRDA:500,32,1,0
BRDA:508,33,0,0
BRDA:508,33,1,0
BRF:115
BRH:8
end_of_record
TN:
SF:server/src/junk_drawer.ts
FN:7,dequote
FN:22,enumNames
FN:24,(anonymous_2)
FN:28,sortCaptures
FN:32,fieldIdentifier
FN:43,nodeName
FN:55,nodeIdentifier
FN:60,nameOfField
FN:64,(anonymous_8)
FN:66,capturesWithName
FN:67,(anonymous_10)
FN:69,captureWithName
FN:94,formatNodePath
FN:96,(anonymous_13)
FN:99,revealType
FN:101,firstOf
FN:105,lastOf
FN:109,PointFromPosition
FN:116,lineRange
FN:123,splitLine
FN:131,precedingLineContents
FN:143,newParser
FN:148,newLanguage
FN:153,isEmptyObject
FN:157,isNotEmpty
FN:161,lacksProperty
FN:165,lacksOrHasPropertyOfType
FN:173,hasProperty
FN:181,isRecordOf
FN:188,castUnchecked
FN:192,hasPropertyOfType
FN:212,hasPropertiesOfTypes
FN:220,(anonymous_32)
FN:224,hpot_test
FN:231,isArray
FN:237,isArrayOf
FN:247,createIsArrayOfFunction
FN:248,(anonymous_37)
FN:251,markup
FN:258,hasLength
FN:264,lspRangeFromNode
FN:271,lspRangeFromNodePair
FN:278,isString
FN:282,isBoolean
FN:286,everyValueOfSet
FN:294,isNotNullish
FN:297,split
FN:306,walkTree
FN:327,_formatTree
FN:406,NodeIsNamed
FNF:50
FNH:20
FNDA:1,dequote
FNDA:0,enumNames
FNDA:0,(anonymous_2)
FNDA:0,sortCaptures
FNDA:0,fieldIdentifier
FNDA:0,nodeName
FNDA:0,nodeIdentifier
FNDA:0,nameOfField
FNDA:0,(anonymous_8)
FNDA:8,capturesWithName
FNDA:24,(anonymous_10)
FNDA:8,captureWithName
FNDA:0,formatNodePath
FNDA:0,(anonymous_13)
FNDA:0,revealType
FNDA:0,firstOf
FNDA:0,lastOf
FNDA:0,PointFromPosition
FNDA:0,lineRange
FNDA:0,splitLine
FNDA:0,precedingLineContents
FNDA:0,newParser
FNDA:2,newLanguage
FNDA:0,isEmptyObject
FNDA:0,isNotEmpty
FNDA:0,lacksProperty
FNDA:47378,lacksOrHasPropertyOfType
FNDA:92431,hasProperty
FNDA:0,isRecordOf
FNDA:0,castUnchecked
FNDA:91715,hasPropertyOfType
FNDA:0,hasPropertiesOfTypes
FNDA:0,(anonymous_32)
FNDA:0,hpot_test
FNDA:569,isArray
FNDA:24258,isArrayOf
FNDA:23689,createIsArrayOfFunction
FNDA:569,(anonymous_37)
FNDA:44,markup
FNDA:0,hasLength
FNDA:6,lspRangeFromNode
FNDA:2,lspRangeFromNodePair
FNDA:34013,isString
FNDA:34013,isBoolean
FNDA:0,everyValueOfSet
FNDA:16,isNotNullish
FNDA:0,split
FNDA:1,walkTree
FNDA:1,_formatTree
FNDA:0,NodeIsNamed
DA:2,6
DA:5,6
DA:7,6
DA:8,1
DA:9,0
DA:11,1
DA:12,1
DA:13,1
DA:14,0
DA:16,1
DA:17,1
DA:19,0
DA:22,6
DA:23,0
DA:24,0
DA:28,6
DA:29,0
DA:32,6
DA:33,0
DA:35,0
DA:37,0
DA:39,0
DA:43,6
DA:44,0
DA:45,0
DA:46,0
DA:48,0
DA:49,0
DA:50,0
DA:51,0
DA:55,6
DA:56,0
DA:57,0
DA:60,6
DA:61,0
DA:64,6
DA:66,6
DA:67,24
DA:69,6
DA:70,8
DA:86,6
DA:88,6
DA:94,6
DA:96,0
DA:99,6
DA:101,6
DA:102,0
DA:105,6
DA:106,0
DA:109,6
DA:110,0
DA:116,6
DA:117,0
DA:123,6
DA:124,0
DA:125,0
DA:126,0
DA:127,0
DA:128,0
DA:131,6
DA:132,0
DA:136,0
DA:140,0
DA:143,6
DA:144,0
DA:145,0
DA:148,6
DA:149,2
DA:150,2
DA:153,6
DA:154,0
DA:157,6
DA:158,0
DA:161,6
DA:162,0
DA:165,6
DA:170,47378
DA:173,6
DA:178,92431
DA:181,6
DA:185,0
DA:188,6
DA:189,0
DA:192,6
DA:197,91715
DA:212,6
DA:216,0
DA:217,0
DA:219,0
DA:220,0
DA:221,0
DA:225,0
DA:226,0
DA:227,0
DA:231,6
DA:232,569
DA:237,6
DA:241,24258
DA:242,23689
DA:244,569
DA:248,23689
DA:251,6
DA:252,44
DA:258,6
DA:261,0
DA:264,6
DA:265,6
DA:271,6
DA:272,2
DA:278,6
DA:279,34013
DA:282,6
DA:283,34013
DA:286,6
DA:287,0
DA:288,0
DA:289,0
DA:292,0
DA:294,6
DA:295,16
DA:297,6
DA:298,0
DA:299,0
DA:300,0
DA:301,0
DA:303,0
DA:306,6
DA:307,1
DA:308,1
DA:309,1
DA:310,1
DA:312,1
DA:313,88
DA:314,88
DA:315,19
DA:316,1
DA:319,69
DA:320,69
DA:321,69
DA:324,0
DA:327,6
DA:328,1
DA:329,1
DA:330,1
DA:331,69
DA:332,49
DA:333,49
DA:334,49
DA:336,69
DA:337,69
DA:338,69
DA:339,69
DA:340,69
DA:341,69
DA:342,69
DA:343,69
DA:345,1
DA:346,1
DA:347,1
DA:348,1
DA:350,1
DA:406,6
DA:407,0
LF:163
LH:103
BRDA:8,0,0,0
BRDA:8,0,1,1
BRDA:13,1,0,0
BRDA:13,1,1,1
BRDA:13,2,0,1
BRDA:13,2,1,1
BRDA:16,3,0,1
BRDA:16,3,1,0
BRDA:29,4,0,0
BRDA:29,4,1,0
BRDA:33,5,0,0
BRDA:33,5,1,0
BRDA:33,5,2,0
BRDA:37,6,0,0
BRDA:37,6,1,0
BRDA:44,7,0,0
BRDA:44,7,1,0
BRDA:45,8,0,0
BRDA:45,8,1,0
BRDA:48,9,0,0
BRDA:48,9,1,0
BRDA:49,10,0,0
BRDA:49,10,1,0
BRDA:50,11,0,0
BRDA:50,11,1,0
BRDA:51,12,0,0
BRDA:51,12,1,0
BRDA:56,13,0,0
BRDA:56,13,1,0
BRDA:56,14,0,0
BRDA:56,14,1,0
BRDA:96,15,0,0
BRDA:96,15,1,0
BRDA:162,16,0,0
BRDA:162,16,1,0
BRDA:162,16,2,0
BRDA:170,17,0,47378
BRDA:170,17,1,47378
BRDA:170,17,2,0
BRDA:170,17,3,0
BRDA:178,18,0,92431
BRDA:178,18,1,92431
BRDA:178,18,2,92431
BRDA:185,19,0,0
BRDA:185,19,1,0
BRDA:197,20,0,91715
BRDA:197,20,1,68595
BRDA:216,21,0,0
BRDA:216,21,1,0
BRDA:216,22,0,0
BRDA:216,22,1,0
BRDA:220,23,0,0
BRDA:220,23,1,0
BRDA:225,24,0,0
BRDA:225,24,1,0
BRDA:241,25,0,23689
BRDA:241,25,1,569
BRDA:244,26,0,569
BRDA:244,26,1,569
BRDA:288,27,0,0
BRDA:288,27,1,0
BRDA:295,28,0,16
BRDA:295,28,1,16
BRDA:301,29,0,0
BRDA:301,29,1,0
BRDA:301,29,2,0
BRDA:314,30,0,19
BRDA:314,30,1,69
BRDA:315,31,0,1
BRDA:315,31,1,18
BRDA:315,32,0,19
BRDA:315,32,1,6
BRDA:321,33,0,69
BRDA:321,33,1,50
BRDA:321,33,2,14
BRDA:331,34,0,49
BRDA:331,34,1,20
BRDA:331,35,0,69
BRDA:331,35,1,50
BRDA:336,36,0,68
BRDA:336,36,1,1
BRDA:337,37,0,39
BRDA:337,37,1,30
BRDA:338,38,0,20
BRDA:338,38,1,49
BRDA:338,39,0,69
BRDA:338,39,1,39
BRDA:339,40,0,69
BRDA:339,40,1,47
BRDA:340,41,0,39
BRDA:340,41,1,30
BRDA:341,42,0,0
BRDA:341,42,1,69
BRDA:345,43,0,1
BRDA:345,43,1,0
BRF:95
BRH:45
end_of_record
TN:
SF:server/src/node_types.ts
FN:20,(anonymous_0)
FN:21,isStub
FN:25,isCommon
FN:29,isSupertype
FN:33,isBranch
FN:37,isSubNode
FN:45,isNamed
FN:49,isLiteral
FN:53,isRoot
FN:57,isExtra
FN:61,isNotHidden
FN:65,isHidden
FN:70,(anonymous_12)
FN:71,fromString
FN:93,(anonymous_14)
FN:116,compare
FN:123,sort
FN:128,(anonymous_17)
FN:129,is
FN:143,_isCommon
FN:147,_isSupertype
FN:154,(anonymous_21)
FN:213,getNodeTypeByName
FN:214,(anonymous_23)
FN:221,hasFields
FN:225,isNotHidden
FN:229,isHidden
FN:233,isLeaf
FN:240,hasChildren
FN:244,isChildren
FN:252,isField
FN:255,isSupertype
FN:263,isParent
FN:267,isNodeInfo
FN:271,isFields
FN:275,allFieldNames
FN:276,(anonymous_36)
FNF:37
FNH:13
FNDA:3,(anonymous_0)
FNDA:34013,isStub
FNDA:23689,isCommon
FNDA:23689,isSupertype
FNDA:0,isBranch
FNDA:0,isSubNode
FNDA:1898,isNamed
FNDA:3144,isLiteral
FNDA:0,isRoot
FNDA:0,isExtra
FNDA:0,isNotHidden
FNDA:0,isHidden
FNDA:3,(anonymous_12)
FNDA:0,fromString
FNDA:3,(anonymous_14)
FNDA:0,compare
FNDA:0,sort
FNDA:3,(anonymous_17)
FNDA:0,is
FNDA:23689,_isCommon
FNDA:0,_isSupertype
FNDA:3,(anonymous_21)
FNDA:0,getNodeTypeByName
FNDA:0,(anonymous_23)
FNDA:0,hasFields
FNDA:0,isNotHidden
FNDA:0,isHidden
FNDA:525,isLeaf
FNDA:0,hasChildren
FNDA:0,isChildren
FNDA:0,isField
FNDA:0,isSupertype
FNDA:525,isParent
FNDA:0,isNodeInfo
FNDA:0,isFields
FNDA:0,allFieldNames
FNDA:0,(anonymous_36)
DA:3,3
DA:20,3
DA:21,3
DA:22,34013
DA:25,3
DA:26,23689
DA:29,3
DA:30,23689
DA:33,3
DA:34,0
DA:37,3
DA:38,0
DA:45,3
DA:46,1898
DA:49,3
DA:50,3144
DA:53,3
DA:54,0
DA:57,3
DA:58,0
DA:61,3
DA:62,0
DA:65,3
DA:66,0
DA:70,3
DA:71,3
DA:72,0
DA:73,0
DA:74,0
DA:75,0
DA:78,0
DA:79,0
DA:81,0
DA:84,3
DA:85,3
DA:86,3
DA:87,3
DA:88,3
DA:89,3
DA:90,3
DA:94,3
DA:95,3
DA:96,595
DA:97,238
DA:98,238
DA:99,357
DA:100,13
DA:101,344
DA:102,344
DA:103,344
DA:104,306
DA:106,38
DA:107,38
DA:110,0
DA:116,3
DA:117,0
DA:118,0
DA:120,0
DA:123,3
DA:124,0
DA:128,3
DA:129,3
DA:130,0
DA:144,23689
DA:148,0
DA:154,3
DA:155,3
DA:156,3
DA:157,3
DA:158,3
DA:213,3
DA:214,0
DA:215,0
DA:216,0
DA:221,3
DA:222,0
DA:225,3
DA:226,0
DA:229,3
DA:230,0
DA:233,3
DA:234,525
DA:240,3
DA:241,0
DA:244,3
DA:245,0
DA:252,3
DA:253,0
DA:255,3
DA:256,0
DA:263,3
DA:264,525
DA:267,3
DA:268,0
DA:271,3
DA:272,0
DA:275,3
DA:276,0
LF:98
LH:65
BRDA:22,0,0,34013
BRDA:22,0,1,34013
BRDA:26,1,0,23689
BRDA:26,1,1,23689
BRDA:30,2,0,23689
BRDA:30,2,1,23689
BRDA:34,3,0,0
BRDA:34,3,1,0
BRDA:39,4,0,0
BRDA:39,4,1,0
BRDA:39,4,2,0
BRDA:66,5,0,0
BRDA:66,5,1,0
BRDA:20,6,0,3
BRDA:20,6,1,3
BRDA:74,7,0,0
BRDA:74,7,1,0
BRDA:96,8,0,238
BRDA:96,8,1,357
BRDA:99,9,0,13
BRDA:99,9,1,344
BRDA:101,10,0,344
BRDA:101,10,1,0
BRDA:103,11,0,306
BRDA:103,11,1,38
BRDA:117,12,0,0
BRDA:117,12,1,0
BRDA:118,13,0,0
BRDA:118,13,1,0
BRDA:70,14,0,3
BRDA:70,14,1,3
BRDA:128,15,0,3
BRDA:128,15,1,3
BRDA:144,16,0,23689
BRDA:144,16,1,23689
BRDA:154,17,0,3
BRDA:154,17,1,3
BRDA:215,18,0,0
BRDA:215,18,1,0
BRDA:222,19,0,0
BRDA:222,19,1,0
BRDA:230,20,0,0
BRDA:230,20,1,0
BRDA:235,21,0,525
BRDA:235,21,1,525
BRDA:246,22,0,0
BRDA:246,22,1,0
BRDA:246,22,2,0
BRDA:256,23,0,0
BRDA:256,23,1,0
BRDA:264,24,0,525
BRDA:264,24,1,525
BRDA:264,24,2,191
BRDA:268,25,0,0
BRDA:268,25,1,0
BRF:55
BRH:28
end_of_record
TN:
SF:server/src/smoke.ts
FNF:0
FNH:0
DA:1,1
LF:1
LH:1
BRF:0
BRH:0
end_of_record
TN:
SF:server/src/CheckableTypes/FlatTypes.ts
FN:9,(anonymous_0)
FN:10,fromSupertypeMap
FN:19,(anonymous_2)
FN:20,(anonymous_3)
FN:28,fromStubs
FN:29,(anonymous_5)
FN:30,(anonymous_6)
FN:31,(anonymous_7)
FN:33,(anonymous_8)
FN:39,(anonymous_9)
FN:46,(anonymous_10)
FN:47,(anonymous_11)
FN:55,fromSupertypeStub
FN:57,(anonymous_13)
FN:63,(anonymous_14)
FN:64,(anonymous_15)
FN:65,(anonymous_16)
FN:68,(anonymous_17)
FNF:18
FNH:18
FNDA:3,(anonymous_0)
FNDA:288,fromSupertypeMap
FNDA:17,(anonymous_2)
FNDA:2979,(anonymous_3)
FNDA:18,fromStubs
FNDA:113,(anonymous_5)
FNDA:396,(anonymous_6)
FNDA:103,(anonymous_7)
FNDA:76,(anonymous_8)
FNDA:54,(anonymous_9)
FNDA:264,(anonymous_10)
FNDA:2,(anonymous_11)
FNDA:57,fromSupertypeStub
FNDA:15960,(anonymous_13)
FNDA:10,(anonymous_14)
FNDA:1035,(anonymous_15)
FNDA:342,(anonymous_16)
FNDA:485,(anonymous_17)
DA:2,3
DA:3,3
DA:9,3
DA:10,3
DA:11,288
DA:12,288
DA:13,288
DA:14,865
DA:15,865
DA:16,145
DA:17,720
DA:18,109
DA:19,109
DA:20,2979
DA:22,611
DA:25,288
DA:28,3
DA:29,113
DA:30,396
DA:31,103
DA:33,76
DA:34,9
DA:37,9
DA:38,9
DA:39,54
DA:42,9
DA:43,287
DA:44,287
DA:45,14
DA:46,264
DA:47,14
DA:49,273
DA:52,9
DA:55,3
DA:56,57
DA:57,15960
DA:60,57
DA:61,0
DA:63,57
DA:64,1035
DA:65,342
DA:66,57
DA:68,485
DA:69,37
DA:70,37
DA:73,20
DA:74,20
DA:75,20
DA:76,20
DA:77,20
DA:78,570
DA:79,570
DA:81,570
DA:82,570
DA:83,550
DA:84,20
DA:85,20
DA:86,20
DA:87,130
DA:88,130
DA:89,0
DA:90,130
DA:91,0
DA:93,130
DA:97,570
DA:100,20
LF:66
LH:63
BRDA:15,0,0,145
BRDA:15,0,1,720
BRDA:17,1,0,109
BRDA:17,1,1,611
BRDA:33,2,0,9
BRDA:33,2,1,9
BRDA:44,3,0,14
BRDA:44,3,1,273
BRDA:60,4,0,0
BRDA:60,4,1,57
BRDA:68,5,0,37
BRDA:68,5,1,20
BRDA:77,6,0,590
BRDA:77,6,1,590
BRDA:79,7,0,570
BRDA:79,7,1,0
BRDA:82,8,0,550
BRDA:82,8,1,20
BRDA:84,9,0,20
BRDA:84,9,1,0
BRDA:88,10,0,0
BRDA:88,10,1,130
BRDA:90,11,0,0
BRDA:90,11,1,130
BRDA:9,12,0,3
BRDA:9,12,1,3
BRF:26
BRH:21
end_of_record
TN:
SF:server/src/CheckableTypes/Named.ts
FN:11,(anonymous_0)
FN:22,(anonymous_1)
FN:33,(anonymous_2)
FN:49,(anonymous_3)
FN:50,(anonymous_4)
FN:53,(anonymous_5)
FN:54,(anonymous_6)
FN:57,(anonymous_7)
FN:61,(anonymous_8)
FN:65,(anonymous_9)
FN:69,(anonymous_10)
FN:73,(anonymous_11)
FN:80,(anonymous_12)
FN:84,(anonymous_13)
FN:88,(anonymous_14)
FN:93,(anonymous_15)
FN:94,(anonymous_16)
FN:97,(anonymous_17)
FN:112,(anonymous_18)
FN:113,create
FN:114,(anonymous_20)
FN:114,(anonymous_21)
FNF:22
FNH:11
FNDA:181,(anonymous_0)
FNDA:181,(anonymous_1)
FNDA:172,(anonymous_2)
FNDA:287,(anonymous_3)
FNDA:50,(anonymous_4)
FNDA:287,(anonymous_5)
FNDA:3307,(anonymous_6)
FNDA:0,(anonymous_7)
FNDA:0,(anonymous_8)
FNDA:0,(anonymous_9)
FNDA:0,(anonymous_10)
FNDA:0,(anonymous_11)
FNDA:0,(anonymous_12)
FNDA:0,(anonymous_13)
FNDA:0,(anonymous_14)
FNDA:0,(anonymous_15)
FNDA:0,(anonymous_16)
FNDA:0,(anonymous_17)
FNDA:2,(anonymous_18)
FNDA:2,create
FNDA:181,(anonymous_20)
FNDA:181,(anonymous_21)
DA:3,2
DA:4,2
DA:5,2
DA:7,2
DA:10,2
DA:12,181
DA:13,181
DA:14,181
DA:15,181
DA:16,181
DA:17,181
DA:18,181
DA:19,181
DA:23,181
DA:24,181
DA:25,160
DA:26,115
DA:27,115
DA:28,115
DA:29,115
DA:31,160
DA:32,160
DA:33,81
DA:34,172
DA:35,172
DA:37,81
DA:40,181
DA:41,2
DA:43,181
DA:44,1
DA:46,181
DA:50,287
DA:54,3307
DA:58,0
DA:62,0
DA:66,0
DA:70,0
DA:74,0
DA:76,0
DA:77,0
DA:81,0
DA:85,0
DA:89,0
DA:90,0
DA:94,0
DA:95,0
DA:96,0
DA:97,0
DA:100,0
DA:101,0
DA:104,0
DA:105,0
DA:107,0
DA:112,2
DA:113,2
DA:114,181
LF:56
LH:36
BRDA:13,0,0,181
BRDA:14,1,0,181
BRDA:15,2,0,181
BRDA:16,3,0,181
BRDA:24,4,0,160
BRDA:24,4,1,21
BRDA:25,5,0,115
BRDA:25,5,1,45
BRDA:32,6,0,81
BRDA:32,6,1,79
BRDA:40,7,0,2
BRDA:40,7,1,179
BRDA:43,8,0,1
BRDA:43,8,1,180
BRDA:70,9,0,0
BRDA:70,9,1,0
BRDA:84,10,0,0
BRDA:90,11,0,0
BRDA:90,11,1,0
BRDA:93,12,0,0
BRDA:95,13,0,0
BRDA:95,13,1,0
BRDA:100,14,0,0
BRDA:100,14,1,0
BRDA:112,15,0,2
BRDA:112,15,1,2
BRF:26
BRH:16
end_of_record
TN:
SF:server/src/CheckableTypes/Subnode.ts
FN:10,(anonymous_0)
FN:17,(anonymous_1)
FN:25,(anonymous_2)
FN:30,(anonymous_3)
FN:34,(anonymous_4)
FN:38,(anonymous_5)
FN:42,(anonymous_6)
FN:46,(anonymous_7)
FN:50,(anonymous_8)
FN:57,(anonymous_9)
FN:59,(anonymous_10)
FN:66,quoteLiteral
FN:69,isStringLiteral
FN:73,unionString
FN:84,CheckableFields
FN:85,(anonymous_15)
FNF:16
FNH:4
FNDA:287,(anonymous_0)
FNDA:0,(anonymous_1)
FNDA:287,(anonymous_2)
FNDA:0,(anonymous_3)
FNDA:0,(anonymous_4)
FNDA:0,(anonymous_5)
FNDA:0,(anonymous_6)
FNDA:0,(anonymous_7)
FNDA:0,(anonymous_8)
FNDA:0,(anonymous_9)
FNDA:0,(anonymous_10)
FNDA:0,quoteLiteral
FNDA:0,isStringLiteral
FNDA:0,unionString
FNDA:160,CheckableFields
FNDA:172,(anonymous_15)
DA:2,2
DA:3,2
DA:6,2
DA:9,2
DA:11,287
DA:12,287
DA:13,287
DA:14,287
DA:26,287
DA:27,287
DA:31,0
DA:35,0
DA:39,0
DA:43,0
DA:47,0
DA:51,0
DA:52,0
DA:53,0
DA:54,0
DA:58,0
DA:59,0
DA:60,0
DA:63,0
DA:66,2
DA:67,0
DA:69,2
DA:70,0
DA:73,2
DA:74,0
DA:76,0
DA:78,0
DA:80,0
DA:84,2
DA:85,172
DA:89,160
DA:90,81
LF:36
LH:17
BRDA:70,0,0,0
BRDA:70,0,1,0
BRDA:74,1,0,0
BRDA:74,1,1,0
BRDA:74,1,2,0
BRDA:89,2,0,81
BRDA:89,2,1,79
BRF:7
BRH:2
end_of_record
TN:
SF:server/src/CheckableTypes/Supertype.ts
FN:16,(anonymous_0)
FN:26,(anonymous_1)
FN:27,fromCategorizedTypes
FN:29,(anonymous_3)
FN:30,(anonymous_4)
FN:34,fromNodeTypes
FNF:6
FNH:6
FNDA:13,(anonymous_0)
FNDA:3,(anonymous_1)
FNDA:3,fromCategorizedTypes
FNDA:13,(anonymous_3)
FNDA:13,(anonymous_4)
FNDA:1,fromNodeTypes
DA:2,3
DA:3,3
DA:6,3
DA:8,3
DA:10,13
DA:14,13
DA:17,13
DA:18,13
DA:19,13
DA:20,13
DA:21,13
DA:26,3
DA:27,3
DA:28,3
DA:29,13
DA:30,13
DA:31,3
DA:34,3
DA:35,1
LF:19
LH:19
BRDA:26,0,0,3
BRDA:26,0,1,3
BRF:2
BRH:2
end_of_record
TN:
SF:server/src/diagnostics/DiagnosticError.ts
FN:10,DiagnosticError
FNF:1
FNH:1
FNDA:8,DiagnosticError
DA:1,1
DA:3,1
DA:4,1
DA:5,1
DA:10,1
DA:11,8
DA:12,8
LF:7
LH:7
BRDA:10,0,0,0
BRDA:11,1,0,2
BRDA:11,1,1,6
BRF:3
BRH:2
end_of_record
TN:
SF:server/src/diagnostics/DiagnosticWarning.ts
FN:4,DiagnosticWarning
FNF:1
FNH:0
FNDA:0,DiagnosticWarning
DA:1,1
DA:2,1
DA:4,1
DA:5,0
LF:4
LH:3
BRF:0
BRH:0
end_of_record
TN:
SF:server/src/diagnostics/SyntaxError.ts
FN:6,SyntaxError
FN:10,(anonymous_1)
FN:11,nonDescript
FN:15,missingNode
FN:20,missingFieldValue
FN:24,(anonymous_5)
FN:30,missingPredicateParameters
FN:34,missingDirectiveParameters
FN:38,hangingCapture
FN:43,nonDescriptSyntaxError
FN:47,missingNode
FN:52,missingFieldValue
FN:56,(anonymous_12)
FN:62,missingPredicateParameters
FN:66,missingDirectiveParameters
FN:70,hangingCapture
FNF:16
FNH:2
FNDA:6,SyntaxError
FNDA:1,(anonymous_1)
FNDA:0,nonDescript
FNDA:0,missingNode
FNDA:0,missingFieldValue
FNDA:0,(anonymous_5)
FNDA:0,missingPredicateParameters
FNDA:0,missingDirectiveParameters
FNDA:0,hangingCapture
FNDA:0,nonDescriptSyntaxError
FNDA:0,missingNode
FNDA:0,missingFieldValue
FNDA:0,(anonymous_12)
FNDA:0,missingPredicateParameters
FNDA:0,missingDirectiveParameters
FNDA:0,hangingCapture
DA:3,1
DA:4,1
DA:6,1
DA:7,6
DA:10,1
DA:11,1
DA:12,0
DA:15,1
DA:16,0
DA:17,0
DA:20,1
DA:21,0
DA:24,0
DA:26,0
DA:27,0
DA:30,1
DA:31,0
DA:34,1
DA:35,0
DA:38,1
DA:39,0
DA:43,1
DA:44,0
DA:47,1
DA:48,0
DA:49,0
DA:52,1
DA:53,0
DA:56,0
DA:58,0
DA:59,0
DA:62,1
DA:63,0
DA:66,1
DA:67,0
DA:70,1
DA:71,0
LF:37
LH:17
BRDA:6,0,0,0
BRDA:16,1,0,0
BRDA:16,1,1,0
BRDA:26,2,0,0
BRDA:26,2,1,0
BRDA:10,3,0,1
BRDA:10,3,1,0
BRDA:48,4,0,0
BRDA:48,4,1,0
BRDA:58,5,0,0
BRDA:58,5,1,0
BRF:11
BRH:1
end_of_record
TN:
SF:server/src/diagnostics/ValueError.ts
FN:6,ValueError
FN:10,(anonymous_1)
FN:11,unrecognizedNodeType
FN:15,parentNodeHasNoChildOfType
FN:19,parentNodeHasNoFieldsOrChildren
FN:23,requiredNegatedField
FN:27,typeHasNoFieldOfName
FN:31,invalidFieldName
FN:35,typeHasNoFields
FN:39,invalidFieldValue
FN:48,namedNodeTextAndRange
FN:53,(anonymous_11)
FN:57,(anonymous_12)
FN:70,EmptyList
FN:74,EmptyGrouping
FNF:15
FNH:1
FNDA:0,ValueError
FNDA:1,(anonymous_1)
FNDA:0,unrecognizedNodeType
FNDA:0,parentNodeHasNoChildOfType
FNDA:0,parentNodeHasNoFieldsOrChildren
FNDA:0,requiredNegatedField
FNDA:0,typeHasNoFieldOfName
FNDA:0,invalidFieldName
FNDA:0,typeHasNoFields
FNDA:0,invalidFieldValue
FNDA:0,namedNodeTextAndRange
FNDA:0,(anonymous_11)
FNDA:0,(anonymous_12)
FNDA:0,EmptyList
FNDA:0,EmptyGrouping
DA:2,1
DA:4,1
DA:6,1
DA:7,0
DA:10,1
DA:11,1
DA:12,0
DA:15,1
DA:16,0
DA:19,1
DA:20,0
DA:23,1
DA:24,0
DA:27,1
DA:28,0
DA:31,1
DA:32,0
DA:35,1
DA:36,0
DA:39,1
DA:40,0
DA:41,0
DA:42,0
DA:44,0
DA:45,0
DA:49,0
DA:50,0
DA:51,0
DA:53,0
DA:54,0
DA:55,0
DA:57,0
DA:58,0
DA:59,0
DA:61,0
DA:62,0
DA:63,0
DA:65,0
DA:66,0
DA:67,0
DA:70,1
DA:71,0
DA:74,1
DA:75,0
LF:44
LH:14
BRDA:6,0,0,0
BRDA:41,1,0,0
BRDA:41,1,1,0
BRDA:50,2,0,0
BRDA:50,2,1,0
BRDA:54,3,0,0
BRDA:54,3,1,0
BRDA:58,4,0,0
BRDA:58,4,1,0
BRDA:62,5,0,0
BRDA:62,5,1,0
BRDA:10,6,0,1
BRDA:10,6,1,0
BRF:13
BRH:1
end_of_record
TN:
SF:server/src/diagnostics/Warning.ts
FN:5,(anonymous_0)
FN:6,unrecognizedPredicate
FN:10,redundantNegatedField
FNF:3
FNH:1
FNDA:1,(anonymous_0)
FNDA:0,unrecognizedPredicate
FNDA:0,redundantNegatedField
DA:3,1
DA:5,1
DA:6,1
DA:7,0
DA:10,1
DA:11,0
LF:6
LH:4
BRDA:5,0,0,1
BRDA:5,0,1,1
BRF:2
BRH:2
end_of_record
TN:
SF:server/src/diagnostics/index.ts
FNF:0
FNH:0
DA:1,1
DA:2,1
DA:3,1
LF:3
LH:3
BRF:0
BRH:0
end_of_record
TN:
SF:server/src/lints/NamedNode.ts
FN:13,(anonymous_0)
FN:14,(anonymous_1)
FN:29,(anonymous_2)
FN:30,(anonymous_3)
FN:33,(anonymous_4)
FN:37,flattenSubnode
FN:52,lintSubnode
FN:66,lintChild
FN:107,lintNegatedField
FN:131,lintFieldDefinition
FN:156,(anonymous_10)
FN:160,(anonymous_11)
FN:161,fromValue
FN:170,lintFieldValue
FN:208,flattenFieldValues
FNF:15
FNH:1
FNDA:0,(anonymous_0)
FNDA:0,(anonymous_1)
FNDA:0,(anonymous_2)
FNDA:0,(anonymous_3)
FNDA:0,(anonymous_4)
FNDA:0,flattenSubnode
FNDA:0,lintSubnode
FNDA:0,lintChild
FNDA:0,lintNegatedField
FNDA:0,lintFieldDefinition
FNDA:0,(anonymous_10)
FNDA:1,(anonymous_11)
FNDA:0,fromValue
FNDA:0,lintFieldValue
FNDA:0,flattenFieldValues
DA:5,1
DA:6,1
DA:7,1
DA:9,1
DA:11,1
DA:12,1
DA:14,0
DA:15,0
DA:16,0
DA:18,0
DA:19,0
DA:20,0
DA:22,0
DA:23,0
DA:24,0
DA:25,0
DA:28,0
DA:29,0
DA:30,0
DA:33,0
DA:38,0
DA:43,0
DA:46,0
DA:48,0
DA:53,0
DA:56,0
DA:58,0
DA:60,0
DA:62,0
DA:67,0
DA:68,0
DA:69,0
DA:74,0
DA:75,0
DA:76,0
DA:77,0
DA:79,0
DA:80,0
DA:85,0
DA:86,0
DA:87,0
DA:88,0
DA:91,0
DA:93,0
DA:94,0
DA:97,0
DA:99,0
DA:100,0
DA:103,0
DA:108,0
DA:109,0
DA:112,0
DA:113,0
DA:114,0
DA:116,0
DA:117,0
DA:119,0
DA:120,0
DA:123,0
DA:124,0
DA:125,0
DA:126,0
DA:127,0
DA:132,0
DA:133,0
DA:134,0
DA:135,0
DA:136,0
DA:139,0
DA:140,0
DA:141,0
DA:143,0
DA:147,0
DA:148,0
DA:151,0
DA:154,0
DA:156,0
DA:160,1
DA:161,1
DA:162,0
DA:163,0
DA:164,0
DA:165,0
DA:172,0
DA:173,0
DA:174,0
DA:176,0
DA:178,0
DA:179,0
DA:180,0
DA:181,0
DA:182,0
DA:187,0
DA:188,0
DA:189,0
DA:190,0
DA:193,0
DA:194,0
DA:195,0
DA:198,0
DA:200,0
DA:201,0
DA:204,0
DA:209,0
DA:212,0
DA:215,0
DA:217,0
LF:107
LH:8
BRDA:15,0,0,0
BRDA:15,0,1,0
BRDA:19,1,0,0
BRDA:19,1,1,0
BRDA:24,2,0,0
BRDA:24,2,1,0
BRDA:24,3,0,0
BRDA:24,3,1,0
BRDA:38,4,0,0
BRDA:38,4,1,0
BRDA:38,4,2,0
BRDA:38,4,3,0
BRDA:38,4,4,0
BRDA:38,4,5,0
BRDA:38,4,6,0
BRDA:53,5,0,0
BRDA:53,5,1,0
BRDA:53,5,2,0
BRDA:53,5,3,0
BRDA:53,5,4,0
BRDA:56,6,0,0
BRDA:56,6,1,0
BRDA:68,7,0,0
BRDA:68,7,1,0
BRDA:69,8,0,0
BRDA:69,8,1,0
BRDA:75,9,0,0
BRDA:75,9,1,0
BRDA:79,10,0,0
BRDA:79,10,1,0
BRDA:80,11,0,0
BRDA:80,11,1,0
BRDA:86,12,0,0
BRDA:86,12,1,0
BRDA:86,13,0,0
BRDA:86,13,1,0
BRDA:87,14,0,0
BRDA:87,14,1,0
BRDA:91,15,0,0
BRDA:91,15,1,0
BRDA:93,16,0,0
BRDA:93,16,1,0
BRDA:94,17,0,0
BRDA:94,17,1,0
BRDA:99,18,0,0
BRDA:99,18,1,0
BRDA:99,19,0,0
BRDA:99,19,1,0
BRDA:100,20,0,0
BRDA:100,20,1,0
BRDA:108,21,0,0
BRDA:108,21,1,0
BRDA:113,22,0,0
BRDA:113,22,1,0
BRDA:116,23,0,0
BRDA:116,23,1,0
BRDA:119,24,0,0
BRDA:119,24,1,0
BRDA:124,25,0,0
BRDA:124,25,1,0
BRDA:126,26,0,0
BRDA:126,26,1,0
BRDA:133,27,0,0
BRDA:133,27,1,0
BRDA:135,28,0,0
BRDA:135,28,1,0
BRDA:140,29,0,0
BRDA:140,29,1,0
BRDA:143,30,0,0
BRDA:143,30,1,0
BRDA:147,31,0,0
BRDA:147,31,1,0
BRDA:148,32,0,0
BRDA:148,32,1,0
BRDA:162,33,0,0
BRDA:162,33,1,0
BRDA:164,34,0,0
BRDA:164,34,1,0
BRDA:160,35,0,1
BRDA:160,35,1,1
BRDA:173,36,0,0
BRDA:173,36,1,0
BRDA:179,37,0,0
BRDA:179,37,1,0
BRDA:181,38,0,0
BRDA:181,38,1,0
BRDA:182,39,0,0
BRDA:182,39,1,0
BRDA:188,40,0,0
BRDA:188,40,1,0
BRDA:188,41,0,0
BRDA:188,41,1,0
BRDA:189,42,0,0
BRDA:189,42,1,0
BRDA:193,43,0,0
BRDA:193,43,1,0
BRDA:194,44,0,0
BRDA:194,44,1,0
BRDA:195,45,0,0
BRDA:195,45,1,0
BRDA:200,46,0,0
BRDA:200,46,1,0
BRDA:200,47,0,0
BRDA:200,47,1,0
BRDA:201,48,0,0
BRDA:201,48,1,0
BRDA:209,49,0,0
BRDA:209,49,1,0
BRDA:209,49,2,0
BRDA:209,49,3,0
BRDA:209,49,4,0
BRF:111
BRH:2
end_of_record
TN:
SF:server/src/lints/SingularMatchLint.ts
FN:12,(anonymous_0)
FN:16,(anonymous_1)
FN:18,(anonymous_2)
FN:24,(anonymous_3)
FN:28,(anonymous_4)
FN:32,(anonymous_5)
FN:39,(anonymous_6)
FNF:7
FNH:4
FNDA:40,(anonymous_0)
FNDA:12,(anonymous_1)
FNDA:0,(anonymous_2)
FNDA:19,(anonymous_3)
FNDA:0,(anonymous_4)
FNDA:12,(anonymous_5)
FNDA:0,(anonymous_6)
DA:4,1
DA:9,1
DA:13,40
DA:16,12
DA:17,1
DA:19,0
DA:25,19
DA:29,0
DA:33,12
DA:40,0
LF:10
LH:7
BRDA:25,0,0,19
BRDA:25,0,1,19
BRF:2
BRH:2
end_of_record
TN:
SF:server/src/lints/all.ts
FN:1,(anonymous_4)
FNF:1
FNH:1
FNDA:1,(anonymous_4)
DA:1,2
DA:3,1
LF:2
LH:2
BRF:0
BRH:0
end_of_record
TN:
SF:server/src/lints/index.ts
FN:8,(anonymous_4)
FN:12,lintAll
FN:15,(anonymous_6)
FNF:3
FNH:1
FNDA:8,(anonymous_4)
FNDA:0,lintAll
FNDA:0,(anonymous_6)
DA:5,1
DA:6,1
DA:7,1
DA:8,8
DA:12,1
DA:13,0
DA:14,0
DA:15,0
DA:16,0
LF:9
LH:5
BRF:0
BRH:0
end_of_record
TN:
SF:server/src/lints/nominal.ts
FN:11,(anonymous_0)
FN:13,(anonymous_1)
FN:14,(anonymous_2)
FN:15,(anonymous_3)
FN:20,(anonymous_4)
FN:35,(anonymous_5)
FN:43,(anonymous_6)
FN:52,(anonymous_7)
FN:61,(anonymous_8)
FN:70,(anonymous_9)
FN:81,(anonymous_10)
FN:112,(anonymous_11)
FN:114,(anonymous_12)
FNF:13
FNH:9
FNDA:2,(anonymous_0)
FNDA:2,(anonymous_1)
FNDA:2,(anonymous_2)
FNDA:2,(anonymous_3)
FNDA:2,(anonymous_4)
FNDA:1,(anonymous_5)
FNDA:2,(anonymous_6)
FNDA:3,(anonymous_7)
FNDA:0,(anonymous_8)
FNDA:0,(anonymous_9)
FNDA:2,(anonymous_10)
FNDA:0,(anonymous_11)
FNDA:0,(anonymous_12)
DA:3,1
DA:4,1
DA:5,1
DA:6,1
DA:7,1
DA:9,1
DA:10,1
DA:12,2
DA:13,2
DA:14,2
DA:16,2
DA:17,2
DA:21,2
DA:22,2
DA:24,1
DA:26,1
DA:28,0
DA:33,1
DA:34,1
DA:36,1
DA:37,1
DA:38,0
DA:40,1
DA:43,2
DA:45,1
DA:46,1
DA:50,1
DA:51,1
DA:53,3
DA:54,3
DA:55,3
DA:59,1
DA:60,1
DA:62,0
DA:63,0
DA:64,0
DA:68,1
DA:69,1
DA:71,0
DA:72,0
DA:73,0
DA:74,0
DA:79,1
DA:80,1
DA:82,2
DA:83,2
DA:84,2
DA:85,2
DA:86,2
DA:87,0
DA:89,2
DA:90,2
DA:94,1
DA:95,1
DA:96,1
DA:114,0
DA:115,0
DA:116,0
DA:117,0
LF:59
LH:45
BRDA:22,0,0,1
BRDA:22,0,1,1
BRDA:22,0,2,0
BRDA:37,1,0,0
BRDA:37,1,1,1
BRDA:45,2,0,0
BRDA:45,2,1,1
BRDA:54,3,0,3
BRDA:54,3,1,0
BRDA:63,4,0,0
BRDA:63,4,1,0
BRDA:72,5,0,0
BRDA:72,5,1,0
BRDA:73,6,0,0
BRDA:73,6,1,0
BRDA:86,7,0,0
BRDA:86,7,1,2
BRDA:86,8,0,2
BRDA:86,8,1,2
BRDA:86,8,2,2
BRDA:86,8,3,1
BRDA:116,9,0,0
BRDA:116,9,1,0
BRDA:116,10,0,0
BRDA:116,10,1,0
BRF:25
BRH:10
end_of_record
